<?xml version="1.0" encoding="utf-8"?>
<CoverageSession xmlns:xsd="http://www.w3.org/2001/XMLSchema" xmlns:xsi="http://www.w3.org/2001/XMLSchema-instance">
  <Summary numSequencePoints="1021" visitedSequencePoints="347" numBranchPoints="434" visitedBranchPoints="128" sequenceCoverage="33.99" branchCoverage="29.49" maxCyclomaticComplexity="12" minCyclomaticComplexity="1" visitedClasses="22" numClasses="44" visitedMethods="98" numMethods="216" />
  <Modules>
    <Module skippedDueTo="Filter" hash="F3-37-DD-6D-AF-32-BA-56-F6-9B-C3-1A-43-9D-D8-8F-26-51-1C-B6">
      <ModulePath>C:\Program Files\dotnet\shared\Microsoft.NETCore.App\2.1.2\System.Private.CoreLib.dll</ModulePath>
      <ModuleTime>2018-06-29T11:36:28Z</ModuleTime>
      <ModuleName>System.Private.CoreLib</ModuleName>
      <Classes />
    </Module>
    <Module skippedDueTo="Filter" hash="FB-3F-93-03-7F-4B-6D-88-08-71-3B-69-1F-44-3D-7C-3A-53-40-3D">
      <ModulePath>C:\Program Files\dotnet\sdk\2.1.302\dotnet.dll</ModulePath>
      <ModuleTime>2018-07-02T13:46:20Z</ModuleTime>
      <ModuleName>dotnet</ModuleName>
      <Classes />
    </Module>
    <Module skippedDueTo="Filter" hash="84-A4-ED-08-DC-DE-67-68-57-17-02-D6-73-E4-06-EF-0F-F3-1D-6F">
      <ModulePath>C:\Program Files\dotnet\shared\Microsoft.NETCore.App\2.1.2\System.Runtime.dll</ModulePath>
      <ModuleTime>2018-06-29T11:36:26Z</ModuleTime>
      <ModuleName>System.Runtime</ModuleName>
      <Classes />
    </Module>
    <Module skippedDueTo="Filter" hash="E0-AB-0F-BB-93-44-BF-3C-B8-8E-23-28-D3-3A-20-20-EB-B8-DA-78">
      <ModulePath>C:\Program Files\dotnet\sdk\2.1.302\Microsoft.DotNet.Cli.Utils.dll</ModulePath>
      <ModuleTime>2018-07-02T13:47:46Z</ModuleTime>
      <ModuleName>Microsoft.DotNet.Cli.Utils</ModuleName>
      <Classes />
    </Module>
    <Module skippedDueTo="Filter" hash="F5-6A-10-A6-BE-DF-0E-98-FD-A7-5B-B3-9C-63-9D-15-9D-CC-2F-9C">
      <ModulePath>C:\Program Files\dotnet\shared\Microsoft.NETCore.App\2.1.2\netstandard.dll</ModulePath>
      <ModuleTime>2018-06-29T11:36:26Z</ModuleTime>
      <ModuleName>netstandard</ModuleName>
      <Classes />
    </Module>
    <Module skippedDueTo="Filter" hash="31-B7-DF-51-CA-DA-02-2C-0E-99-B4-55-76-9E-D2-C1-C9-0C-3F-DD">
      <ModulePath>C:\Program Files\dotnet\shared\Microsoft.NETCore.App\2.1.2\System.Runtime.Extensions.dll</ModulePath>
      <ModuleTime>2018-06-29T11:36:26Z</ModuleTime>
      <ModuleName>System.Runtime.Extensions</ModuleName>
      <Classes />
    </Module>
    <Module skippedDueTo="Filter" hash="40-98-6B-5E-B0-21-49-8E-37-A7-C5-36-8D-81-49-B1-9A-5A-6D-38">
      <ModulePath>C:\Program Files\dotnet\shared\Microsoft.NETCore.App\2.1.2\System.Runtime.Loader.dll</ModulePath>
      <ModuleTime>2018-06-29T11:36:26Z</ModuleTime>
      <ModuleName>System.Runtime.Loader</ModuleName>
      <Classes />
    </Module>
    <Module skippedDueTo="Filter" hash="9A-21-D1-0C-2B-5E-0E-EF-38-48-40-41-16-9D-DA-F1-F0-12-DA-5C">
      <ModulePath>C:\Program Files\dotnet\sdk\2.1.302\Microsoft.DotNet.PlatformAbstractions.dll</ModulePath>
      <ModuleTime>2018-07-02T13:47:46Z</ModuleTime>
      <ModuleName>Microsoft.DotNet.PlatformAbstractions</ModuleName>
      <Classes />
    </Module>
    <Module skippedDueTo="Filter" hash="C1-9F-46-C0-8C-20-F8-E6-00-1D-3F-43-30-F1-D9-49-3F-B1-79-59">
      <ModulePath>C:\Program Files\dotnet\shared\Microsoft.NETCore.App\2.1.2\System.Runtime.InteropServices.RuntimeInformation.dll</ModulePath>
      <ModuleTime>2018-06-29T11:36:26Z</ModuleTime>
      <ModuleName>System.Runtime.InteropServices.RuntimeInformation</ModuleName>
      <Classes />
    </Module>
    <Module skippedDueTo="Filter" hash="E4-05-72-7C-A8-CD-8D-1C-A7-96-5C-FD-31-FC-5C-60-0F-3D-50-BB">
      <ModulePath>C:\Program Files\dotnet\shared\Microsoft.NETCore.App\2.1.2\System.Runtime.InteropServices.dll</ModulePath>
      <ModuleTime>2018-06-29T11:36:26Z</ModuleTime>
      <ModuleName>System.Runtime.InteropServices</ModuleName>
      <Classes />
    </Module>
    <Module skippedDueTo="Filter" hash="7B-56-F9-0D-16-C4-94-95-32-4A-5C-A2-28-D9-A7-88-4D-FF-28-7D">
      <ModulePath>C:\Program Files\dotnet\shared\Microsoft.NETCore.App\2.1.2\System.Threading.dll</ModulePath>
      <ModuleTime>2018-06-29T11:36:26Z</ModuleTime>
      <ModuleName>System.Threading</ModuleName>
      <Classes />
    </Module>
    <Module skippedDueTo="Filter" hash="2A-B8-BE-B6-E1-61-BA-96-72-70-A8-BA-9C-F8-25-07-70-EA-74-6A">
      <ModulePath>C:\Program Files\dotnet\shared\Microsoft.NETCore.App\2.1.2\System.IO.FileSystem.dll</ModulePath>
      <ModuleTime>2018-06-29T11:36:24Z</ModuleTime>
      <ModuleName>System.IO.FileSystem</ModuleName>
      <Classes />
    </Module>
    <Module skippedDueTo="Filter" hash="57-BF-96-04-E0-30-24-5E-BD-3E-75-22-30-F5-DD-37-E4-FF-39-DA">
      <ModulePath>C:\Program Files\dotnet\sdk\2.1.302\runtimes\win\lib\netcoreapp2.0\System.Text.Encoding.CodePages.dll</ModulePath>
      <ModuleTime>2018-07-02T13:46:10Z</ModuleTime>
      <ModuleName>System.Text.Encoding.CodePages</ModuleName>
      <Classes />
    </Module>
    <Module skippedDueTo="Filter" hash="07-AE-4F-2E-B9-42-7E-A1-CC-C4-1D-F2-2D-D9-C9-D3-9F-A1-13-D8">
      <ModulePath>C:\Program Files\dotnet\shared\Microsoft.NETCore.App\2.1.2\System.Collections.dll</ModulePath>
      <ModuleTime>2018-06-29T11:36:24Z</ModuleTime>
      <ModuleName>System.Collections</ModuleName>
      <Classes />
    </Module>
    <Module skippedDueTo="Filter" hash="11-B8-AB-88-B6-F1-87-A0-9C-89-6B-FD-73-4B-ED-7C-11-56-F5-00">
      <ModulePath>C:\Program Files\dotnet\shared\Microsoft.NETCore.App\2.1.2\System.Collections.Concurrent.dll</ModulePath>
      <ModuleTime>2018-06-29T11:36:24Z</ModuleTime>
      <ModuleName>System.Collections.Concurrent</ModuleName>
      <Classes />
    </Module>
    <Module skippedDueTo="Filter" hash="E9-DA-7E-90-A6-41-DB-D2-F9-BD-6E-C2-B9-F0-08-D3-FF-C5-32-52">
      <ModulePath>C:\Program Files\dotnet\shared\Microsoft.NETCore.App\2.1.2\System.Threading.Thread.dll</ModulePath>
      <ModuleTime>2018-06-29T11:36:26Z</ModuleTime>
      <ModuleName>System.Threading.Thread</ModuleName>
      <Classes />
    </Module>
    <Module skippedDueTo="Filter" hash="EB-1A-27-44-EF-AE-06-8B-A3-33-97-5E-BF-56-F5-11-13-8A-CE-02">
      <ModulePath>C:\Program Files\dotnet\sdk\2.1.302\Microsoft.DotNet.Configurer.dll</ModulePath>
      <ModuleTime>2018-07-02T13:48:06Z</ModuleTime>
      <ModuleName>Microsoft.DotNet.Configurer</ModuleName>
      <Classes />
    </Module>
    <Module skippedDueTo="Filter" hash="4B-58-61-9E-5F-40-11-EE-4B-0F-AD-F9-22-4E-B5-DD-28-8E-81-A3">
      <ModulePath>C:\Program Files\dotnet\sdk\2.1.302\Microsoft.DotNet.Cli.CommandLine.dll</ModulePath>
      <ModuleTime>2018-07-02T13:47:56Z</ModuleTime>
      <ModuleName>Microsoft.DotNet.Cli.CommandLine</ModuleName>
      <Classes />
    </Module>
    <Module skippedDueTo="Filter" hash="4C-D4-82-C3-4B-48-7B-F2-B3-80-72-AE-B8-0E-67-FB-0D-29-74-C1">
      <ModulePath>C:\Program Files\dotnet\shared\Microsoft.NETCore.App\2.1.2\System.Diagnostics.Process.dll</ModulePath>
      <ModuleTime>2018-06-29T11:36:24Z</ModuleTime>
      <ModuleName>System.Diagnostics.Process</ModuleName>
      <Classes />
    </Module>
    <Module skippedDueTo="Filter" hash="02-4C-60-FE-FB-15-2A-FC-93-36-BD-02-D9-A8-9A-7D-6C-D0-09-1C">
      <ModulePath>C:\Program Files\dotnet\sdk\2.1.302\Microsoft.DotNet.InternalAbstractions.dll</ModulePath>
      <ModuleTime>2018-07-02T13:47:56Z</ModuleTime>
      <ModuleName>Microsoft.DotNet.InternalAbstractions</ModuleName>
      <Classes />
    </Module>
    <Module skippedDueTo="Filter" hash="54-E3-B1-3B-6B-DE-49-E9-F1-40-62-21-02-98-35-37-01-25-26-0E">
      <ModulePath>C:\Program Files\dotnet\shared\Microsoft.NETCore.App\2.1.2\System.Linq.dll</ModulePath>
      <ModuleTime>2018-06-29T11:36:26Z</ModuleTime>
      <ModuleName>System.Linq</ModuleName>
      <Classes />
    </Module>
    <Module skippedDueTo="Filter" hash="18-64-D1-37-37-FC-5F-44-F5-A3-24-1C-A7-A9-39-D9-1E-B1-64-D4">
      <ModulePath>C:\Program Files\dotnet\sdk\2.1.302\NuGet.Frameworks.dll</ModulePath>
      <ModuleTime>2018-07-02T13:49:54Z</ModuleTime>
      <ModuleName>NuGet.Frameworks</ModuleName>
      <Classes />
    </Module>
    <Module skippedDueTo="Filter" hash="FA-17-FC-33-10-3E-6B-CB-AB-BC-12-1B-D8-30-C2-D0-D6-48-4F-CF">
      <ModulePath>C:\Program Files\dotnet\shared\Microsoft.NETCore.App\2.1.2\System.Console.dll</ModulePath>
      <ModuleTime>2018-06-29T11:36:24Z</ModuleTime>
      <ModuleName>System.Console</ModuleName>
      <Classes />
    </Module>
    <Module skippedDueTo="Filter" hash="DA-07-21-DE-38-C4-A7-8A-75-DA-5E-3F-82-F1-71-BF-4D-7E-27-9F">
      <ModulePath>C:\Program Files\dotnet\shared\Microsoft.NETCore.App\2.1.2\System.IO.FileSystem.Primitives.dll</ModulePath>
      <ModuleTime>2018-06-29T11:36:24Z</ModuleTime>
      <ModuleName>System.IO.FileSystem.Primitives</ModuleName>
      <Classes />
    </Module>
    <Module skippedDueTo="Filter" hash="14-0E-A4-9B-44-BF-0A-E0-6A-1C-70-FB-C0-EE-1B-2E-79-A4-F9-57">
      <ModulePath>C:\Program Files\dotnet\shared\Microsoft.NETCore.App\2.1.2\System.AppContext.dll</ModulePath>
      <ModuleTime>2018-06-29T11:36:24Z</ModuleTime>
      <ModuleName>System.AppContext</ModuleName>
      <Classes />
    </Module>
    <Module skippedDueTo="Filter" hash="1E-45-BE-FC-C9-75-CF-1F-69-8A-4A-8A-94-AB-E0-10-D2-DD-34-94">
      <ModulePath>C:\Program Files\dotnet\shared\Microsoft.NETCore.App\2.1.2\System.Memory.dll</ModulePath>
      <ModuleTime>2018-06-29T11:36:26Z</ModuleTime>
      <ModuleName>System.Memory</ModuleName>
      <Classes />
    </Module>
    <Module skippedDueTo="Filter" hash="34-64-A0-FD-6F-8D-29-FE-28-76-C9-52-D1-5D-6C-F5-34-15-82-4C">
      <ModulePath>C:\Program Files\dotnet\shared\Microsoft.NETCore.App\2.1.2\System.IO.dll</ModulePath>
      <ModuleTime>2018-06-29T11:36:24Z</ModuleTime>
      <ModuleName>System.IO</ModuleName>
      <Classes />
    </Module>
    <Module skippedDueTo="Filter" hash="A6-D1-03-28-B7-0A-44-73-72-D4-65-CE-37-7E-DC-81-07-AA-32-06">
      <ModulePath>C:\Program Files\dotnet\shared\Microsoft.NETCore.App\2.1.2\System.Text.Encoding.Extensions.dll</ModulePath>
      <ModuleTime>2018-06-29T11:36:26Z</ModuleTime>
      <ModuleName>System.Text.Encoding.Extensions</ModuleName>
      <Classes />
    </Module>
    <Module skippedDueTo="Filter" hash="45-59-A9-01-54-6F-59-DC-38-76-0D-DE-AE-13-D0-15-21-15-95-96">
      <ModulePath>C:\Program Files\dotnet\sdk\2.1.302\Microsoft.ApplicationInsights.dll</ModulePath>
      <ModuleTime>2018-07-02T13:48:06Z</ModuleTime>
      <ModuleName>Microsoft.ApplicationInsights</ModuleName>
      <Classes />
    </Module>
    <Module skippedDueTo="Filter" hash="25-97-F7-F5-FB-A7-A0-C0-58-2D-55-91-FB-51-FE-73-DA-56-51-AA">
      <ModulePath>C:\Program Files\dotnet\shared\Microsoft.NETCore.App\2.1.2\System.Reflection.Extensions.dll</ModulePath>
      <ModuleTime>2018-06-29T11:36:26Z</ModuleTime>
      <ModuleName>System.Reflection.Extensions</ModuleName>
      <Classes />
    </Module>
    <Module skippedDueTo="Filter" hash="BC-90-76-80-DF-CB-09-03-82-87-11-29-C5-2A-36-32-12-C5-A0-77">
      <ModulePath>C:\Program Files\dotnet\shared\Microsoft.NETCore.App\2.1.2\System.Reflection.dll</ModulePath>
      <ModuleTime>2018-06-29T11:36:26Z</ModuleTime>
      <ModuleName>System.Reflection</ModuleName>
      <Classes />
    </Module>
    <Module skippedDueTo="Filter" hash="94-64-C8-C5-B9-17-67-17-99-7B-78-48-63-EB-4C-DC-9F-8A-85-93">
      <ModulePath>C:\Program Files\dotnet\shared\Microsoft.NETCore.App\2.1.2\System.Xml.XDocument.dll</ModulePath>
      <ModuleTime>2018-06-29T11:36:26Z</ModuleTime>
      <ModuleName>System.Xml.XDocument</ModuleName>
      <Classes />
    </Module>
    <Module skippedDueTo="Filter" hash="00-8B-E0-5B-08-76-EB-D6-1B-BB-7C-F5-73-0E-75-3B-5D-4F-76-CC">
      <ModulePath>C:\Program Files\dotnet\shared\Microsoft.NETCore.App\2.1.2\System.Private.Xml.Linq.dll</ModulePath>
      <ModuleTime>2018-06-29T11:36:26Z</ModuleTime>
      <ModuleName>System.Private.Xml.Linq</ModuleName>
      <Classes />
    </Module>
    <Module skippedDueTo="Filter" hash="84-88-27-54-67-71-0C-A0-54-A2-CF-64-38-04-0A-4B-9B-94-B0-57">
      <ModulePath>C:\Program Files\dotnet\shared\Microsoft.NETCore.App\2.1.2\System.Security.Cryptography.Algorithms.dll</ModulePath>
      <ModuleTime>2018-06-29T11:36:26Z</ModuleTime>
      <ModuleName>System.Security.Cryptography.Algorithms</ModuleName>
      <Classes />
    </Module>
    <Module skippedDueTo="Filter" hash="4C-AC-33-AD-F6-4E-80-C3-BA-F0-50-6A-31-EE-32-F8-3D-48-05-28">
      <ModulePath>C:\Program Files\dotnet\shared\Microsoft.NETCore.App\2.1.2\System.Security.Cryptography.Primitives.dll</ModulePath>
      <ModuleTime>2018-06-29T11:36:26Z</ModuleTime>
      <ModuleName>System.Security.Cryptography.Primitives</ModuleName>
      <Classes />
    </Module>
    <Module skippedDueTo="Filter" hash="40-61-EC-74-9A-A0-F7-61-E9-DC-3E-4D-70-C2-E5-A7-3C-02-88-AA">
      <ModulePath>C:\Program Files\dotnet\shared\Microsoft.NETCore.App\2.1.2\System.Private.Xml.dll</ModulePath>
      <ModuleTime>2018-06-29T11:36:26Z</ModuleTime>
      <ModuleName>System.Private.Xml</ModuleName>
      <Classes />
    </Module>
    <Module skippedDueTo="Filter" hash="BA-B2-A4-8F-59-93-F7-A2-40-AE-AB-D2-4F-46-AF-BF-7D-51-F2-4B">
      <ModulePath>C:\Program Files\dotnet\shared\Microsoft.NETCore.App\2.1.2\System.Text.RegularExpressions.dll</ModulePath>
      <ModuleTime>2018-06-29T11:36:26Z</ModuleTime>
      <ModuleName>System.Text.RegularExpressions</ModuleName>
      <Classes />
    </Module>
    <Module skippedDueTo="Filter" hash="CE-F1-09-6A-6D-DF-5C-54-08-A6-63-2C-6B-9F-9B-20-95-BA-0F-B5">
      <ModulePath>C:\Program Files\dotnet\shared\Microsoft.NETCore.App\2.1.2\System.Xml.ReaderWriter.dll</ModulePath>
      <ModuleTime>2018-06-29T11:36:26Z</ModuleTime>
      <ModuleName>System.Xml.ReaderWriter</ModuleName>
      <Classes />
    </Module>
    <Module skippedDueTo="Filter" hash="35-04-9A-C3-D5-6E-AE-8B-30-86-1A-4C-8A-02-A2-6F-9C-8E-5F-CD">
      <ModulePath>C:\Program Files\dotnet\shared\Microsoft.NETCore.App\2.1.2\System.Diagnostics.Tracing.dll</ModulePath>
      <ModuleTime>2018-06-29T11:36:24Z</ModuleTime>
      <ModuleName>System.Diagnostics.Tracing</ModuleName>
      <Classes />
    </Module>
    <Module skippedDueTo="Filter" hash="36-E9-19-A0-DD-A8-EB-47-AB-83-B6-7A-71-13-1A-F5-14-C8-94-A4">
      <ModulePath>C:\Program Files\dotnet\shared\Microsoft.NETCore.App\2.1.2\System.Private.Uri.dll</ModulePath>
      <ModuleTime>2018-06-29T11:36:26Z</ModuleTime>
      <ModuleName>System.Private.Uri</ModuleName>
      <Classes />
    </Module>
    <Module skippedDueTo="Filter" hash="84-41-0E-90-CE-21-A7-F5-69-A3-3D-0E-E8-66-DE-42-0A-8F-3E-93">
      <ModulePath>C:\Program Files\dotnet\shared\Microsoft.NETCore.App\2.1.2\System.Threading.Tasks.dll</ModulePath>
      <ModuleTime>2018-06-29T11:36:26Z</ModuleTime>
      <ModuleName>System.Threading.Tasks</ModuleName>
      <Classes />
    </Module>
    <Module skippedDueTo="Filter" hash="BE-B7-19-DB-36-BC-C8-93-18-5C-F6-BC-EA-16-3E-30-3A-39-E9-97">
      <ModulePath>C:\Program Files\dotnet\shared\Microsoft.NETCore.App\2.1.2\System.Globalization.dll</ModulePath>
      <ModuleTime>2018-06-29T11:36:24Z</ModuleTime>
      <ModuleName>System.Globalization</ModuleName>
      <Classes />
    </Module>
    <Module skippedDueTo="Filter" hash="C4-C6-9C-D3-84-74-4B-CB-A9-41-6D-AD-67-4B-66-D6-08-46-DB-62">
      <ModulePath>C:\Program Files\dotnet\shared\Microsoft.NETCore.App\2.1.2\System.Buffers.dll</ModulePath>
      <ModuleTime>2018-06-29T11:36:24Z</ModuleTime>
      <ModuleName>System.Buffers</ModuleName>
      <Classes />
    </Module>
    <Module skippedDueTo="Filter" hash="DE-14-0F-C2-7D-49-38-F7-78-CB-50-C9-6B-5F-AD-06-DB-FC-00-76">
      <ModulePath>C:\Program Files\dotnet\shared\Microsoft.NETCore.App\2.1.2\System.Reflection.Emit.ILGeneration.dll</ModulePath>
      <ModuleTime>2018-06-29T11:36:26Z</ModuleTime>
      <ModuleName>System.Reflection.Emit.ILGeneration</ModuleName>
      <Classes />
    </Module>
    <Module skippedDueTo="Filter" hash="E0-6D-E8-5B-E8-0D-03-6A-C9-E6-B0-7A-1E-53-6E-AE-94-61-7A-00">
      <ModulePath>C:\Program Files\dotnet\shared\Microsoft.NETCore.App\2.1.2\System.Reflection.Emit.Lightweight.dll</ModulePath>
      <ModuleTime>2018-06-29T11:36:26Z</ModuleTime>
      <ModuleName>System.Reflection.Emit.Lightweight</ModuleName>
      <Classes />
    </Module>
    <Module skippedDueTo="Filter" hash="0F-66-AB-16-88-2F-E7-F0-B9-FA-FD-9F-4B-C8-D4-BC-F0-E4-EF-71">
      <ModulePath>C:\Program Files\dotnet\shared\Microsoft.NETCore.App\2.1.2\System.Reflection.Primitives.dll</ModulePath>
      <ModuleTime>2018-06-29T11:36:26Z</ModuleTime>
      <ModuleName>System.Reflection.Primitives</ModuleName>
      <Classes />
    </Module>
    <Module skippedDueTo="Filter" hash="C0-13-3F-DE-4C-5C-E9-95-1E-6A-B2-96-1F-E5-3C-A0-6F-E7-F0-F6">
      <ModulePath>C:\Program Files\dotnet\shared\Microsoft.NETCore.App\2.1.2\System.Resources.ResourceManager.dll</ModulePath>
      <ModuleTime>2018-06-29T11:36:26Z</ModuleTime>
      <ModuleName>System.Resources.ResourceManager</ModuleName>
      <Classes />
    </Module>
    <Module skippedDueTo="Filter" hash="8C-54-6E-86-88-51-A5-9A-71-8C-4F-93-3D-D4-94-B2-C9-44-DB-D0">
      <ModulePath>C:\Program Files\dotnet\shared\Microsoft.NETCore.App\2.1.2\Microsoft.Win32.Registry.dll</ModulePath>
      <ModuleTime>2018-06-29T11:36:24Z</ModuleTime>
      <ModuleName>Microsoft.Win32.Registry</ModuleName>
      <Classes />
    </Module>
    <Module skippedDueTo="Filter" hash="76-72-A5-82-08-0B-0D-BA-5E-31-6D-79-01-8E-AA-63-F1-A9-72-A7">
      <ModulePath>C:\Program Files\dotnet\shared\Microsoft.NETCore.App\2.1.2\System.Diagnostics.Tools.dll</ModulePath>
      <ModuleTime>2018-06-29T11:36:24Z</ModuleTime>
      <ModuleName>System.Diagnostics.Tools</ModuleName>
      <Classes />
    </Module>
    <Module skippedDueTo="Filter" hash="0D-0D-A0-9E-E2-47-BB-29-5E-CD-88-5A-BA-B2-35-C5-41-7D-52-A1">
      <ModulePath>C:\Program Files\dotnet\shared\Microsoft.NETCore.App\2.1.2\System.Diagnostics.Debug.dll</ModulePath>
      <ModuleTime>2018-06-29T11:36:24Z</ModuleTime>
      <ModuleName>System.Diagnostics.Debug</ModuleName>
      <Classes />
    </Module>
    <Module skippedDueTo="Filter" hash="20-81-23-30-13-45-BC-47-AB-6D-22-B6-75-C7-F6-1A-53-C2-4C-8C">
      <ModulePath>C:\Program Files\dotnet\shared\Microsoft.NETCore.App\2.1.2\System.Text.Encoding.dll</ModulePath>
      <ModuleTime>2018-06-29T11:36:26Z</ModuleTime>
      <ModuleName>System.Text.Encoding</ModuleName>
      <Classes />
    </Module>
    <Module skippedDueTo="Filter" hash="09-06-DD-87-DC-40-1A-93-DA-E9-0A-92-BA-F6-C5-FC-A8-23-98-7B">
      <ModulePath>C:\Program Files\dotnet\shared\Microsoft.NETCore.App\2.1.2\System.IO.Compression.dll</ModulePath>
      <ModuleTime>2018-06-29T11:36:24Z</ModuleTime>
      <ModuleName>System.IO.Compression</ModuleName>
      <Classes />
    </Module>
    <Module skippedDueTo="Filter" hash="FF-F4-D8-C5-81-BF-7E-BF-A7-FA-1A-26-3D-F9-AF-07-AD-53-33-4A">
      <ModulePath>C:\Program Files\dotnet\shared\Microsoft.NETCore.App\2.1.2\System.Net.Http.dll</ModulePath>
      <ModuleTime>2018-06-29T11:36:26Z</ModuleTime>
      <ModuleName>System.Net.Http</ModuleName>
      <Classes />
    </Module>
    <Module skippedDueTo="Filter" hash="A9-27-DE-C9-11-17-15-87-01-A1-A5-BB-52-FB-40-CE-1E-E1-A4-A9">
      <ModulePath>C:\Program Files\dotnet\sdk\2.1.302\Microsoft.Build.Framework.dll</ModulePath>
      <ModuleTime>2018-07-02T13:47:46Z</ModuleTime>
      <ModuleName>Microsoft.Build.Framework</ModuleName>
      <Classes />
    </Module>
    <Module skippedDueTo="Filter" hash="7C-34-E7-95-EB-E6-34-27-E5-09-A3-7A-0D-02-2C-14-06-6F-4C-AD">
      <ModulePath>C:\Program Files\dotnet\shared\Microsoft.NETCore.App\2.1.2\System.Net.Primitives.dll</ModulePath>
      <ModuleTime>2018-06-29T11:36:26Z</ModuleTime>
      <ModuleName>System.Net.Primitives</ModuleName>
      <Classes />
    </Module>
    <Module skippedDueTo="Filter" hash="97-21-59-C5-4C-35-52-D5-75-0D-37-60-09-3A-E0-35-E3-29-6A-F2">
      <ModulePath>C:\Program Files\dotnet\shared\Microsoft.NETCore.App\2.1.2\System.Net.Security.dll</ModulePath>
      <ModuleTime>2018-06-29T11:36:26Z</ModuleTime>
      <ModuleName>System.Net.Security</ModuleName>
      <Classes />
    </Module>
    <Module skippedDueTo="Filter" hash="BD-96-E1-A1-C3-41-83-14-34-F0-8B-5C-8D-F0-7B-9D-D8-E2-B9-02">
      <ModulePath>C:\Program Files\dotnet\shared\Microsoft.NETCore.App\2.1.2\System.Security.Cryptography.X509Certificates.dll</ModulePath>
      <ModuleTime>2018-06-29T11:36:26Z</ModuleTime>
      <ModuleName>System.Security.Cryptography.X509Certificates</ModuleName>
      <Classes />
    </Module>
    <Module skippedDueTo="Filter" hash="8D-03-61-E1-E0-6C-BE-13-1C-63-F4-20-CB-6A-EF-5C-ED-69-2F-EF">
      <ModulePath>C:\Program Files\dotnet\shared\Microsoft.NETCore.App\2.1.2\System.ComponentModel.Primitives.dll</ModulePath>
      <ModuleTime>2018-06-29T11:36:24Z</ModuleTime>
      <ModuleName>System.ComponentModel.Primitives</ModuleName>
      <Classes />
    </Module>
    <Module skippedDueTo="Filter" hash="6B-75-02-AB-3F-6F-98-23-73-C5-83-0B-02-32-C2-ED-23-21-75-54">
      <ModulePath>C:\Program Files\dotnet\shared\Microsoft.NETCore.App\2.1.2\Microsoft.Win32.Primitives.dll</ModulePath>
      <ModuleTime>2018-06-29T11:36:24Z</ModuleTime>
      <ModuleName>Microsoft.Win32.Primitives</ModuleName>
      <Classes />
    </Module>
    <Module skippedDueTo="Filter" hash="D8-89-6F-59-19-D1-17-C6-AA-CC-6A-DD-57-C8-2A-0C-5B-3F-2E-E4">
      <ModulePath>C:\Program Files\dotnet\shared\Microsoft.NETCore.App\2.1.2\System.Diagnostics.DiagnosticSource.dll</ModulePath>
      <ModuleTime>2018-06-29T11:36:24Z</ModuleTime>
      <ModuleName>System.Diagnostics.DiagnosticSource</ModuleName>
      <Classes />
    </Module>
    <Module skippedDueTo="Filter" hash="3D-F7-47-4B-DB-C8-6A-8C-3C-6D-86-6B-DC-8A-18-14-9B-F0-EE-41">
      <ModulePath>C:\Program Files\dotnet\shared\Microsoft.NETCore.App\2.1.2\System.Collections.NonGeneric.dll</ModulePath>
      <ModuleTime>2018-06-29T11:36:24Z</ModuleTime>
      <ModuleName>System.Collections.NonGeneric</ModuleName>
      <Classes />
    </Module>
    <Module skippedDueTo="Filter" hash="D3-8E-92-6B-32-58-42-CE-3C-DF-91-61-89-39-1F-E0-21-D5-DE-7A">
      <ModulePath>C:\Program Files\dotnet\shared\Microsoft.NETCore.App\2.1.2\System.Threading.Timer.dll</ModulePath>
      <ModuleTime>2018-06-29T11:36:26Z</ModuleTime>
      <ModuleName>System.Threading.Timer</ModuleName>
      <Classes />
    </Module>
    <Module skippedDueTo="Filter" hash="92-04-C7-ED-DE-EC-0F-E6-39-3F-18-61-5D-EF-E8-A9-86-04-B1-C4">
      <ModulePath>C:\Program Files\dotnet\shared\Microsoft.NETCore.App\2.1.2\System.Net.NetworkInformation.dll</ModulePath>
      <ModuleTime>2018-06-29T11:36:26Z</ModuleTime>
      <ModuleName>System.Net.NetworkInformation</ModuleName>
      <Classes />
    </Module>
    <Module skippedDueTo="Filter" hash="05-19-67-D6-CD-67-8D-A6-8D-21-79-1E-20-9D-DF-FA-8A-9A-1C-75">
      <ModulePath>C:\Program Files\dotnet\shared\Microsoft.NETCore.App\2.1.2\System.Net.Sockets.dll</ModulePath>
      <ModuleTime>2018-06-29T11:36:26Z</ModuleTime>
      <ModuleName>System.Net.Sockets</ModuleName>
      <Classes />
    </Module>
    <Module skippedDueTo="Filter" hash="BA-3A-CF-C0-E7-4B-6D-5F-DC-FE-0F-71-B8-E4-A3-BA-34-7F-69-AE">
      <ModulePath>C:\Program Files\dotnet\shared\Microsoft.NETCore.App\2.1.2\System.Threading.Overlapped.dll</ModulePath>
      <ModuleTime>2018-06-29T11:36:26Z</ModuleTime>
      <ModuleName>System.Threading.Overlapped</ModuleName>
      <Classes />
    </Module>
    <Module skippedDueTo="Filter" hash="39-19-E6-E7-CF-BF-62-04-E3-0D-71-C2-9D-1E-0F-8D-BF-AA-A0-77">
      <ModulePath>C:\Program Files\dotnet\shared\Microsoft.NETCore.App\2.1.2\System.Net.NameResolution.dll</ModulePath>
      <ModuleTime>2018-06-29T11:36:26Z</ModuleTime>
      <ModuleName>System.Net.NameResolution</ModuleName>
      <Classes />
    </Module>
    <Module skippedDueTo="Filter" hash="F3-37-DD-6D-AF-32-BA-56-F6-9B-C3-1A-43-9D-D8-8F-26-51-1C-B6">
      <ModulePath>C:\Program Files\dotnet\shared\Microsoft.NETCore.App\2.1.2\System.Private.CoreLib.dll</ModulePath>
      <ModuleTime>2018-06-29T11:36:28Z</ModuleTime>
      <ModuleName>System.Private.CoreLib</ModuleName>
      <Classes />
    </Module>
    <Module skippedDueTo="Filter" hash="21-F3-E1-B3-8B-A7-F7-59-CC-52-67-56-62-0F-A6-18-81-52-DA-48">
      <ModulePath>C:\Program Files\dotnet\shared\Microsoft.NETCore.App\2.1.2\System.Security.Principal.Windows.dll</ModulePath>
      <ModuleTime>2018-06-29T11:36:26Z</ModuleTime>
      <ModuleName>System.Security.Principal.Windows</ModuleName>
      <Classes />
    </Module>
    <Module skippedDueTo="Filter" hash="AC-8F-95-0D-6C-B6-28-55-65-FF-0C-BB-59-88-46-DF-A7-BA-9B-6F">
      <ModulePath>C:\Program Files\dotnet\shared\Microsoft.NETCore.App\2.1.2\System.Security.Claims.dll</ModulePath>
      <ModuleTime>2018-06-29T11:36:26Z</ModuleTime>
      <ModuleName>System.Security.Claims</ModuleName>
      <Classes />
    </Module>
    <Module skippedDueTo="Filter" hash="5A-DA-2B-AE-63-0D-13-1A-3B-22-AA-BD-BF-4A-8D-45-8A-93-75-CA">
      <ModulePath>C:\Program Files\dotnet\shared\Microsoft.NETCore.App\2.1.2\System.Security.Principal.dll</ModulePath>
      <ModuleTime>2018-06-29T11:36:26Z</ModuleTime>
      <ModuleName>System.Security.Principal</ModuleName>
      <Classes />
    </Module>
    <Module skippedDueTo="Filter" hash="BB-A2-76-A9-16-32-5A-FE-5E-CB-79-E7-99-53-51-64-AD-24-22-22">
      <ModulePath>C:\Program Files\dotnet\sdk\2.1.302\MSBuild.dll</ModulePath>
      <ModuleTime>2018-07-02T13:50:08Z</ModuleTime>
      <ModuleName>MSBuild</ModuleName>
      <Classes />
    </Module>
    <Module skippedDueTo="Filter" hash="84-A4-ED-08-DC-DE-67-68-57-17-02-D6-73-E4-06-EF-0F-F3-1D-6F">
      <ModulePath>C:\Program Files\dotnet\shared\Microsoft.NETCore.App\2.1.2\System.Runtime.dll</ModulePath>
      <ModuleTime>2018-06-29T11:36:26Z</ModuleTime>
      <ModuleName>System.Runtime</ModuleName>
      <Classes />
    </Module>
    <Module skippedDueTo="Filter" hash="31-B7-DF-51-CA-DA-02-2C-0E-99-B4-55-76-9E-D2-C1-C9-0C-3F-DD">
      <ModulePath>C:\Program Files\dotnet\shared\Microsoft.NETCore.App\2.1.2\System.Runtime.Extensions.dll</ModulePath>
      <ModuleTime>2018-06-29T11:36:26Z</ModuleTime>
      <ModuleName>System.Runtime.Extensions</ModuleName>
      <Classes />
    </Module>
    <Module skippedDueTo="Filter" hash="7B-56-F9-0D-16-C4-94-95-32-4A-5C-A2-28-D9-A7-88-4D-FF-28-7D">
      <ModulePath>C:\Program Files\dotnet\shared\Microsoft.NETCore.App\2.1.2\System.Threading.dll</ModulePath>
      <ModuleTime>2018-06-29T11:36:26Z</ModuleTime>
      <ModuleName>System.Threading</ModuleName>
      <Classes />
    </Module>
    <Module skippedDueTo="Filter" hash="2A-B8-BE-B6-E1-61-BA-96-72-70-A8-BA-9C-F8-25-07-70-EA-74-6A">
      <ModulePath>C:\Program Files\dotnet\shared\Microsoft.NETCore.App\2.1.2\System.IO.FileSystem.dll</ModulePath>
      <ModuleTime>2018-06-29T11:36:24Z</ModuleTime>
      <ModuleName>System.IO.FileSystem</ModuleName>
      <Classes />
    </Module>
    <Module skippedDueTo="Filter" hash="C1-9F-46-C0-8C-20-F8-E6-00-1D-3F-43-30-F1-D9-49-3F-B1-79-59">
      <ModulePath>C:\Program Files\dotnet\shared\Microsoft.NETCore.App\2.1.2\System.Runtime.InteropServices.RuntimeInformation.dll</ModulePath>
      <ModuleTime>2018-06-29T11:36:26Z</ModuleTime>
      <ModuleName>System.Runtime.InteropServices.RuntimeInformation</ModuleName>
      <Classes />
    </Module>
    <Module skippedDueTo="Filter" hash="54-E3-B1-3B-6B-DE-49-E9-F1-40-62-21-02-98-35-37-01-25-26-0E">
      <ModulePath>C:\Program Files\dotnet\shared\Microsoft.NETCore.App\2.1.2\System.Linq.dll</ModulePath>
      <ModuleTime>2018-06-29T11:36:26Z</ModuleTime>
      <ModuleName>System.Linq</ModuleName>
      <Classes />
    </Module>
    <Module skippedDueTo="Filter" hash="BA-B2-A4-8F-59-93-F7-A2-40-AE-AB-D2-4F-46-AF-BF-7D-51-F2-4B">
      <ModulePath>C:\Program Files\dotnet\shared\Microsoft.NETCore.App\2.1.2\System.Text.RegularExpressions.dll</ModulePath>
      <ModuleTime>2018-06-29T11:36:26Z</ModuleTime>
      <ModuleName>System.Text.RegularExpressions</ModuleName>
      <Classes />
    </Module>
    <Module skippedDueTo="Filter" hash="7E-8E-DD-28-24-F2-2E-80-07-64-0B-96-54-1D-CA-D1-53-BD-24-8B">
      <ModulePath>C:\Program Files\dotnet\shared\Microsoft.NETCore.App\2.1.2\System.Security.Cryptography.Encoding.dll</ModulePath>
      <ModuleTime>2018-06-29T11:36:26Z</ModuleTime>
      <ModuleName>System.Security.Cryptography.Encoding</ModuleName>
      <Classes />
    </Module>
    <Module skippedDueTo="Filter" hash="07-AE-4F-2E-B9-42-7E-A1-CC-C4-1D-F2-2D-D9-C9-D3-9F-A1-13-D8">
      <ModulePath>C:\Program Files\dotnet\shared\Microsoft.NETCore.App\2.1.2\System.Collections.dll</ModulePath>
      <ModuleTime>2018-06-29T11:36:24Z</ModuleTime>
      <ModuleName>System.Collections</ModuleName>
      <Classes />
    </Module>
    <Module skippedDueTo="Filter" hash="C4-C6-9C-D3-84-74-4B-CB-A9-41-6D-AD-67-4B-66-D6-08-46-DB-62">
      <ModulePath>C:\Program Files\dotnet\shared\Microsoft.NETCore.App\2.1.2\System.Buffers.dll</ModulePath>
      <ModuleTime>2018-06-29T11:36:24Z</ModuleTime>
      <ModuleName>System.Buffers</ModuleName>
      <Classes />
    </Module>
    <Module skippedDueTo="Filter" hash="1E-45-BE-FC-C9-75-CF-1F-69-8A-4A-8A-94-AB-E0-10-D2-DD-34-94">
      <ModulePath>C:\Program Files\dotnet\shared\Microsoft.NETCore.App\2.1.2\System.Memory.dll</ModulePath>
      <ModuleTime>2018-06-29T11:36:26Z</ModuleTime>
      <ModuleName>System.Memory</ModuleName>
      <Classes />
    </Module>
    <Module skippedDueTo="Filter" hash="E4-05-72-7C-A8-CD-8D-1C-A7-96-5C-FD-31-FC-5C-60-0F-3D-50-BB">
      <ModulePath>C:\Program Files\dotnet\shared\Microsoft.NETCore.App\2.1.2\System.Runtime.InteropServices.dll</ModulePath>
      <ModuleTime>2018-06-29T11:36:26Z</ModuleTime>
      <ModuleName>System.Runtime.InteropServices</ModuleName>
      <Classes />
    </Module>
    <Module skippedDueTo="Filter" hash="FA-17-FC-33-10-3E-6B-CB-AB-BC-12-1B-D8-30-C2-D0-D6-48-4F-CF">
      <ModulePath>C:\Program Files\dotnet\shared\Microsoft.NETCore.App\2.1.2\System.Console.dll</ModulePath>
      <ModuleTime>2018-06-29T11:36:24Z</ModuleTime>
      <ModuleName>System.Console</ModuleName>
      <Classes />
    </Module>
    <Module skippedDueTo="Filter" hash="4C-D4-82-C3-4B-48-7B-F2-B3-80-72-AE-B8-0E-67-FB-0D-29-74-C1">
      <ModulePath>C:\Program Files\dotnet\shared\Microsoft.NETCore.App\2.1.2\System.Diagnostics.Process.dll</ModulePath>
      <ModuleTime>2018-06-29T11:36:24Z</ModuleTime>
      <ModuleName>System.Diagnostics.Process</ModuleName>
      <Classes />
    </Module>
    <Module skippedDueTo="Filter" hash="8D-03-61-E1-E0-6C-BE-13-1C-63-F4-20-CB-6A-EF-5C-ED-69-2F-EF">
      <ModulePath>C:\Program Files\dotnet\shared\Microsoft.NETCore.App\2.1.2\System.ComponentModel.Primitives.dll</ModulePath>
      <ModuleTime>2018-06-29T11:36:24Z</ModuleTime>
      <ModuleName>System.ComponentModel.Primitives</ModuleName>
      <Classes />
    </Module>
    <Module skippedDueTo="Filter" hash="A9-27-DE-C9-11-17-15-87-01-A1-A5-BB-52-FB-40-CE-1E-E1-A4-A9">
      <ModulePath>C:\Program Files\dotnet\sdk\2.1.302\Microsoft.Build.Framework.dll</ModulePath>
      <ModuleTime>2018-07-02T13:47:46Z</ModuleTime>
      <ModuleName>Microsoft.Build.Framework</ModuleName>
      <Classes />
    </Module>
    <Module skippedDueTo="Filter" hash="F5-6A-10-A6-BE-DF-0E-98-FD-A7-5B-B3-9C-63-9D-15-9D-CC-2F-9C">
      <ModulePath>C:\Program Files\dotnet\shared\Microsoft.NETCore.App\2.1.2\netstandard.dll</ModulePath>
      <ModuleTime>2018-06-29T11:36:26Z</ModuleTime>
      <ModuleName>netstandard</ModuleName>
      <Classes />
    </Module>
    <Module skippedDueTo="Filter" hash="FC-D9-4F-2B-62-C9-F3-CA-52-DE-76-65-48-79-B2-C2-ED-1C-8A-CA">
      <ModulePath>C:\Program Files\dotnet\shared\Microsoft.NETCore.App\2.1.2\System.Threading.ThreadPool.dll</ModulePath>
      <ModuleTime>2018-06-29T11:36:26Z</ModuleTime>
      <ModuleName>System.Threading.ThreadPool</ModuleName>
      <Classes />
    </Module>
    <Module skippedDueTo="Filter" hash="B3-C8-BE-BD-1F-A2-AA-52-90-62-78-EC-D1-ED-83-9B-C1-26-F3-91">
      <ModulePath>C:\Program Files\dotnet\sdk\2.1.302\Microsoft.Build.dll</ModulePath>
      <ModuleTime>2018-07-02T13:48:12Z</ModuleTime>
      <ModuleName>Microsoft.Build</ModuleName>
      <Classes />
    </Module>
    <Module skippedDueTo="Filter" hash="57-BF-96-04-E0-30-24-5E-BD-3E-75-22-30-F5-DD-37-E4-FF-39-DA">
      <ModulePath>C:\Program Files\dotnet\sdk\2.1.302\runtimes\win\lib\netcoreapp2.0\System.Text.Encoding.CodePages.dll</ModulePath>
      <ModuleTime>2018-07-02T13:46:10Z</ModuleTime>
      <ModuleName>System.Text.Encoding.CodePages</ModuleName>
      <Classes />
    </Module>
    <Module skippedDueTo="Filter" hash="11-B8-AB-88-B6-F1-87-A0-9C-89-6B-FD-73-4B-ED-7C-11-56-F5-00">
      <ModulePath>C:\Program Files\dotnet\shared\Microsoft.NETCore.App\2.1.2\System.Collections.Concurrent.dll</ModulePath>
      <ModuleTime>2018-06-29T11:36:24Z</ModuleTime>
      <ModuleName>System.Collections.Concurrent</ModuleName>
      <Classes />
    </Module>
    <Module skippedDueTo="Filter" hash="FB-3F-93-03-7F-4B-6D-88-08-71-3B-69-1F-44-3D-7C-3A-53-40-3D">
      <ModulePath>C:\Program Files\dotnet\sdk\2.1.302\dotnet.dll</ModulePath>
      <ModuleTime>2018-07-02T13:46:20Z</ModuleTime>
      <ModuleName>dotnet</ModuleName>
      <Classes />
    </Module>
    <Module skippedDueTo="Filter" hash="95-E2-80-6F-4A-49-A1-94-DB-49-84-DD-B6-88-26-C0-88-2E-6C-B8">
      <ModulePath>C:\Program Files\dotnet\sdk\2.1.302\Microsoft.DotNet.Tools.MigrateCommand.dll</ModulePath>
      <ModuleTime>2018-07-02T13:48:08Z</ModuleTime>
      <ModuleName>Microsoft.DotNet.Tools.MigrateCommand</ModuleName>
      <Classes />
    </Module>
    <Module skippedDueTo="Filter" hash="EB-1A-27-44-EF-AE-06-8B-A3-33-97-5E-BF-56-F5-11-13-8A-CE-02">
      <ModulePath>C:\Program Files\dotnet\sdk\2.1.302\Microsoft.DotNet.Configurer.dll</ModulePath>
      <ModuleTime>2018-07-02T13:48:06Z</ModuleTime>
      <ModuleName>Microsoft.DotNet.Configurer</ModuleName>
      <Classes />
    </Module>
    <Module skippedDueTo="Filter" hash="E0-AB-0F-BB-93-44-BF-3C-B8-8E-23-28-D3-3A-20-20-EB-B8-DA-78">
      <ModulePath>C:\Program Files\dotnet\sdk\2.1.302\Microsoft.DotNet.Cli.Utils.dll</ModulePath>
      <ModuleTime>2018-07-02T13:47:46Z</ModuleTime>
      <ModuleName>Microsoft.DotNet.Cli.Utils</ModuleName>
      <Classes />
    </Module>
    <Module skippedDueTo="Filter" hash="18-64-D1-37-37-FC-5F-44-F5-A3-24-1C-A7-A9-39-D9-1E-B1-64-D4">
      <ModulePath>C:\Program Files\dotnet\sdk\2.1.302\NuGet.Frameworks.dll</ModulePath>
      <ModuleTime>2018-07-02T13:49:54Z</ModuleTime>
      <ModuleName>NuGet.Frameworks</ModuleName>
      <Classes />
    </Module>
    <Module skippedDueTo="Filter" hash="02-4C-60-FE-FB-15-2A-FC-93-36-BD-02-D9-A8-9A-7D-6C-D0-09-1C">
      <ModulePath>C:\Program Files\dotnet\sdk\2.1.302\Microsoft.DotNet.InternalAbstractions.dll</ModulePath>
      <ModuleTime>2018-07-02T13:47:56Z</ModuleTime>
      <ModuleName>Microsoft.DotNet.InternalAbstractions</ModuleName>
      <Classes />
    </Module>
    <Module skippedDueTo="Filter" hash="DA-07-21-DE-38-C4-A7-8A-75-DA-5E-3F-82-F1-71-BF-4D-7E-27-9F">
      <ModulePath>C:\Program Files\dotnet\shared\Microsoft.NETCore.App\2.1.2\System.IO.FileSystem.Primitives.dll</ModulePath>
      <ModuleTime>2018-06-29T11:36:24Z</ModuleTime>
      <ModuleName>System.IO.FileSystem.Primitives</ModuleName>
      <Classes />
    </Module>
    <Module skippedDueTo="Filter" hash="A6-D1-03-28-B7-0A-44-73-72-D4-65-CE-37-7E-DC-81-07-AA-32-06">
      <ModulePath>C:\Program Files\dotnet\shared\Microsoft.NETCore.App\2.1.2\System.Text.Encoding.Extensions.dll</ModulePath>
      <ModuleTime>2018-06-29T11:36:26Z</ModuleTime>
      <ModuleName>System.Text.Encoding.Extensions</ModuleName>
      <Classes />
    </Module>
    <Module skippedDueTo="Filter" hash="45-59-A9-01-54-6F-59-DC-38-76-0D-DE-AE-13-D0-15-21-15-95-96">
      <ModulePath>C:\Program Files\dotnet\sdk\2.1.302\Microsoft.ApplicationInsights.dll</ModulePath>
      <ModuleTime>2018-07-02T13:48:06Z</ModuleTime>
      <ModuleName>Microsoft.ApplicationInsights</ModuleName>
      <Classes />
    </Module>
    <Module skippedDueTo="Filter" hash="9A-21-D1-0C-2B-5E-0E-EF-38-48-40-41-16-9D-DA-F1-F0-12-DA-5C">
      <ModulePath>C:\Program Files\dotnet\sdk\2.1.302\Microsoft.DotNet.PlatformAbstractions.dll</ModulePath>
      <ModuleTime>2018-07-02T13:47:46Z</ModuleTime>
      <ModuleName>Microsoft.DotNet.PlatformAbstractions</ModuleName>
      <Classes />
    </Module>
    <Module skippedDueTo="Filter" hash="25-97-F7-F5-FB-A7-A0-C0-58-2D-55-91-FB-51-FE-73-DA-56-51-AA">
      <ModulePath>C:\Program Files\dotnet\shared\Microsoft.NETCore.App\2.1.2\System.Reflection.Extensions.dll</ModulePath>
      <ModuleTime>2018-06-29T11:36:26Z</ModuleTime>
      <ModuleName>System.Reflection.Extensions</ModuleName>
      <Classes />
    </Module>
    <Module skippedDueTo="Filter" hash="BC-90-76-80-DF-CB-09-03-82-87-11-29-C5-2A-36-32-12-C5-A0-77">
      <ModulePath>C:\Program Files\dotnet\shared\Microsoft.NETCore.App\2.1.2\System.Reflection.dll</ModulePath>
      <ModuleTime>2018-06-29T11:36:26Z</ModuleTime>
      <ModuleName>System.Reflection</ModuleName>
      <Classes />
    </Module>
    <Module skippedDueTo="Filter" hash="94-64-C8-C5-B9-17-67-17-99-7B-78-48-63-EB-4C-DC-9F-8A-85-93">
      <ModulePath>C:\Program Files\dotnet\shared\Microsoft.NETCore.App\2.1.2\System.Xml.XDocument.dll</ModulePath>
      <ModuleTime>2018-06-29T11:36:26Z</ModuleTime>
      <ModuleName>System.Xml.XDocument</ModuleName>
      <Classes />
    </Module>
    <Module skippedDueTo="Filter" hash="00-8B-E0-5B-08-76-EB-D6-1B-BB-7C-F5-73-0E-75-3B-5D-4F-76-CC">
      <ModulePath>C:\Program Files\dotnet\shared\Microsoft.NETCore.App\2.1.2\System.Private.Xml.Linq.dll</ModulePath>
      <ModuleTime>2018-06-29T11:36:26Z</ModuleTime>
      <ModuleName>System.Private.Xml.Linq</ModuleName>
      <Classes />
    </Module>
    <Module skippedDueTo="Filter" hash="40-61-EC-74-9A-A0-F7-61-E9-DC-3E-4D-70-C2-E5-A7-3C-02-88-AA">
      <ModulePath>C:\Program Files\dotnet\shared\Microsoft.NETCore.App\2.1.2\System.Private.Xml.dll</ModulePath>
      <ModuleTime>2018-06-29T11:36:26Z</ModuleTime>
      <ModuleName>System.Private.Xml</ModuleName>
      <Classes />
    </Module>
    <Module skippedDueTo="Filter" hash="CE-F1-09-6A-6D-DF-5C-54-08-A6-63-2C-6B-9F-9B-20-95-BA-0F-B5">
      <ModulePath>C:\Program Files\dotnet\shared\Microsoft.NETCore.App\2.1.2\System.Xml.ReaderWriter.dll</ModulePath>
      <ModuleTime>2018-06-29T11:36:26Z</ModuleTime>
      <ModuleName>System.Xml.ReaderWriter</ModuleName>
      <Classes />
    </Module>
    <Module skippedDueTo="Filter" hash="35-04-9A-C3-D5-6E-AE-8B-30-86-1A-4C-8A-02-A2-6F-9C-8E-5F-CD">
      <ModulePath>C:\Program Files\dotnet\shared\Microsoft.NETCore.App\2.1.2\System.Diagnostics.Tracing.dll</ModulePath>
      <ModuleTime>2018-06-29T11:36:24Z</ModuleTime>
      <ModuleName>System.Diagnostics.Tracing</ModuleName>
      <Classes />
    </Module>
    <Module skippedDueTo="Filter" hash="36-E9-19-A0-DD-A8-EB-47-AB-83-B6-7A-71-13-1A-F5-14-C8-94-A4">
      <ModulePath>C:\Program Files\dotnet\shared\Microsoft.NETCore.App\2.1.2\System.Private.Uri.dll</ModulePath>
      <ModuleTime>2018-06-29T11:36:26Z</ModuleTime>
      <ModuleName>System.Private.Uri</ModuleName>
      <Classes />
    </Module>
    <Module skippedDueTo="Filter" hash="84-41-0E-90-CE-21-A7-F5-69-A3-3D-0E-E8-66-DE-42-0A-8F-3E-93">
      <ModulePath>C:\Program Files\dotnet\shared\Microsoft.NETCore.App\2.1.2\System.Threading.Tasks.dll</ModulePath>
      <ModuleTime>2018-06-29T11:36:26Z</ModuleTime>
      <ModuleName>System.Threading.Tasks</ModuleName>
      <Classes />
    </Module>
    <Module skippedDueTo="Filter" hash="BE-B7-19-DB-36-BC-C8-93-18-5C-F6-BC-EA-16-3E-30-3A-39-E9-97">
      <ModulePath>C:\Program Files\dotnet\shared\Microsoft.NETCore.App\2.1.2\System.Globalization.dll</ModulePath>
      <ModuleTime>2018-06-29T11:36:24Z</ModuleTime>
      <ModuleName>System.Globalization</ModuleName>
      <Classes />
    </Module>
    <Module skippedDueTo="Filter" hash="7E-AD-B5-53-58-15-E0-10-30-3A-F5-1D-81-B7-F4-F9-4A-64-AB-5F">
      <ModulePath>C:\Program Files\dotnet\shared\Microsoft.NETCore.App\2.1.2\System.Threading.Tasks.Dataflow.dll</ModulePath>
      <ModuleTime>2018-06-29T11:36:26Z</ModuleTime>
      <ModuleName>System.Threading.Tasks.Dataflow</ModuleName>
      <Classes />
    </Module>
    <Module skippedDueTo="Filter" hash="84-88-27-54-67-71-0C-A0-54-A2-CF-64-38-04-0A-4B-9B-94-B0-57">
      <ModulePath>C:\Program Files\dotnet\shared\Microsoft.NETCore.App\2.1.2\System.Security.Cryptography.Algorithms.dll</ModulePath>
      <ModuleTime>2018-06-29T11:36:26Z</ModuleTime>
      <ModuleName>System.Security.Cryptography.Algorithms</ModuleName>
      <Classes />
    </Module>
    <Module skippedDueTo="Filter" hash="4C-AC-33-AD-F6-4E-80-C3-BA-F0-50-6A-31-EE-32-F8-3D-48-05-28">
      <ModulePath>C:\Program Files\dotnet\shared\Microsoft.NETCore.App\2.1.2\System.Security.Cryptography.Primitives.dll</ModulePath>
      <ModuleTime>2018-06-29T11:36:26Z</ModuleTime>
      <ModuleName>System.Security.Cryptography.Primitives</ModuleName>
      <Classes />
    </Module>
    <Module skippedDueTo="Filter" hash="8C-54-6E-86-88-51-A5-9A-71-8C-4F-93-3D-D4-94-B2-C9-44-DB-D0">
      <ModulePath>C:\Program Files\dotnet\shared\Microsoft.NETCore.App\2.1.2\Microsoft.Win32.Registry.dll</ModulePath>
      <ModuleTime>2018-06-29T11:36:24Z</ModuleTime>
      <ModuleName>Microsoft.Win32.Registry</ModuleName>
      <Classes />
    </Module>
    <Module skippedDueTo="Filter" hash="C0-13-3F-DE-4C-5C-E9-95-1E-6A-B2-96-1F-E5-3C-A0-6F-E7-F0-F6">
      <ModulePath>C:\Program Files\dotnet\shared\Microsoft.NETCore.App\2.1.2\System.Resources.ResourceManager.dll</ModulePath>
      <ModuleTime>2018-06-29T11:36:26Z</ModuleTime>
      <ModuleName>System.Resources.ResourceManager</ModuleName>
      <Classes />
    </Module>
    <Module skippedDueTo="Filter" hash="48-DA-5B-6F-D4-13-2D-18-95-F3-2A-2F-C0-F9-35-BC-CF-D5-C5-02">
      <ModulePath>C:\Program Files\dotnet\shared\Microsoft.NETCore.App\2.1.2\System.ObjectModel.dll</ModulePath>
      <ModuleTime>2018-06-29T11:36:26Z</ModuleTime>
      <ModuleName>System.ObjectModel</ModuleName>
      <Classes />
    </Module>
    <Module skippedDueTo="Filter" hash="E9-DA-7E-90-A6-41-DB-D2-F9-BD-6E-C2-B9-F0-08-D3-FF-C5-32-52">
      <ModulePath>C:\Program Files\dotnet\shared\Microsoft.NETCore.App\2.1.2\System.Threading.Thread.dll</ModulePath>
      <ModuleTime>2018-06-29T11:36:26Z</ModuleTime>
      <ModuleName>System.Threading.Thread</ModuleName>
      <Classes />
    </Module>
    <Module skippedDueTo="Filter" hash="39-6F-D8-CC-1A-A7-90-00-E2-8A-D9-7F-72-E4-30-1B-10-8F-A9-3F">
      <ModulePath>C:\Program Files\dotnet\shared\Microsoft.NETCore.App\2.1.2\System.Diagnostics.TraceSource.dll</ModulePath>
      <ModuleTime>2018-06-29T11:36:24Z</ModuleTime>
      <ModuleName>System.Diagnostics.TraceSource</ModuleName>
      <Classes />
    </Module>
    <Module skippedDueTo="Filter" hash="40-98-6B-5E-B0-21-49-8E-37-A7-C5-36-8D-81-49-B1-9A-5A-6D-38">
      <ModulePath>C:\Program Files\dotnet\shared\Microsoft.NETCore.App\2.1.2\System.Runtime.Loader.dll</ModulePath>
      <ModuleTime>2018-06-29T11:36:26Z</ModuleTime>
      <ModuleName>System.Runtime.Loader</ModuleName>
      <Classes />
    </Module>
    <Module skippedDueTo="Filter" hash="14-E1-D9-85-4E-DD-EA-6C-25-7B-25-B2-98-46-76-CB-6B-C4-23-09">
      <ModulePath>C:\Program Files\dotnet\sdk\2.1.302\SdkResolvers\NuGet.MSBuildSdkResolver\NuGet.MSBuildSdkResolver.dll</ModulePath>
      <ModuleTime>2018-07-02T13:50:04Z</ModuleTime>
      <ModuleName>NuGet.MSBuildSdkResolver</ModuleName>
      <Classes />
    </Module>
    <Module skippedDueTo="Filter" hash="79-0E-59-EA-60-2A-54-12-80-35-34-8A-B7-0E-43-35-B4-3F-75-30">
      <ModulePath>C:\Program Files\dotnet\shared\Microsoft.NETCore.App\2.1.2\System.Diagnostics.FileVersionInfo.dll</ModulePath>
      <ModuleTime>2018-06-29T11:36:24Z</ModuleTime>
      <ModuleName>System.Diagnostics.FileVersionInfo</ModuleName>
      <Classes />
    </Module>
    <Module skippedDueTo="Filter" hash="B3-57-DC-C6-81-FD-DB-A7-D9-01-07-82-47-16-1D-00-C6-93-42-04">
      <ModulePath>C:\Program Files\dotnet\shared\Microsoft.NETCore.App\2.1.2\System.Collections.Immutable.dll</ModulePath>
      <ModuleTime>2018-06-29T11:36:24Z</ModuleTime>
      <ModuleName>System.Collections.Immutable</ModuleName>
      <Classes />
    </Module>
    <Module skippedDueTo="Filter" hash="34-15-79-F0-18-04-E0-1F-2C-6B-D8-4C-56-14-6F-48-F9-B2-B9-70">
      <ModulePath>C:\Program Files\dotnet\shared\Microsoft.NETCore.App\2.1.2\System.Threading.Tasks.Parallel.dll</ModulePath>
      <ModuleTime>2018-06-29T11:36:26Z</ModuleTime>
      <ModuleName>System.Threading.Tasks.Parallel</ModuleName>
      <Classes />
    </Module>
    <Module skippedDueTo="Filter" hash="86-80-D4-21-77-8C-25-FF-53-C1-63-14-04-C8-1D-7D-85-2B-3D-91">
      <ModulePath>C:\Program Files\dotnet\sdk\2.1.302\Microsoft.Build.Utilities.Core.dll</ModulePath>
      <ModuleTime>2018-07-02T13:48:26Z</ModuleTime>
      <ModuleName>Microsoft.Build.Utilities.Core</ModuleName>
      <Classes />
    </Module>
    <Module skippedDueTo="Filter" hash="DE-14-0F-C2-7D-49-38-F7-78-CB-50-C9-6B-5F-AD-06-DB-FC-00-76">
      <ModulePath>C:\Program Files\dotnet\shared\Microsoft.NETCore.App\2.1.2\System.Reflection.Emit.ILGeneration.dll</ModulePath>
      <ModuleTime>2018-06-29T11:36:26Z</ModuleTime>
      <ModuleName>System.Reflection.Emit.ILGeneration</ModuleName>
      <Classes />
    </Module>
    <Module skippedDueTo="Filter" hash="E0-6D-E8-5B-E8-0D-03-6A-C9-E6-B0-7A-1E-53-6E-AE-94-61-7A-00">
      <ModulePath>C:\Program Files\dotnet\shared\Microsoft.NETCore.App\2.1.2\System.Reflection.Emit.Lightweight.dll</ModulePath>
      <ModuleTime>2018-06-29T11:36:26Z</ModuleTime>
      <ModuleName>System.Reflection.Emit.Lightweight</ModuleName>
      <Classes />
    </Module>
    <Module skippedDueTo="Filter" hash="0F-66-AB-16-88-2F-E7-F0-B9-FA-FD-9F-4B-C8-D4-BC-F0-E4-EF-71">
      <ModulePath>C:\Program Files\dotnet\shared\Microsoft.NETCore.App\2.1.2\System.Reflection.Primitives.dll</ModulePath>
      <ModuleTime>2018-06-29T11:36:26Z</ModuleTime>
      <ModuleName>System.Reflection.Primitives</ModuleName>
      <Classes />
    </Module>
    <Module skippedDueTo="Filter" hash="F9-BF-12-DD-99-7D-17-4D-0A-2E-7D-3F-CA-93-23-6E-EC-78-B3-42">
      <ModulePath>C:\Program Files\dotnet\sdk\2.1.302\Microsoft.Build.Tasks.Core.dll</ModulePath>
      <ModuleTime>2018-07-02T13:47:58Z</ModuleTime>
      <ModuleName>Microsoft.Build.Tasks.Core</ModuleName>
      <Classes />
    </Module>
    <Module skippedDueTo="Filter" hash="FC-D9-4F-2B-62-C9-F3-CA-52-DE-76-65-48-79-B2-C2-ED-1C-8A-CA">
      <ModulePath>C:\Program Files\dotnet\shared\Microsoft.NETCore.App\2.1.2\System.Threading.ThreadPool.dll</ModulePath>
      <ModuleTime>2018-06-29T11:36:26Z</ModuleTime>
      <ModuleName>System.Threading.ThreadPool</ModuleName>
      <Classes />
    </Module>
    <Module skippedDueTo="Filter" hash="9D-58-67-A2-C9-87-89-96-B3-EB-8F-DA-8B-9A-FA-F4-4F-DC-89-A6">
      <ModulePath>C:\Program Files\dotnet\sdk\2.1.302\NuGet.Build.Tasks.dll</ModulePath>
      <ModuleTime>2018-07-02T13:49:54Z</ModuleTime>
      <ModuleName>NuGet.Build.Tasks</ModuleName>
      <Classes />
    </Module>
    <Module skippedDueTo="Filter" hash="C3-F4-B5-D6-56-29-A1-A7-A3-CE-5A-90-7C-AC-9E-81-2F-2D-51-D6">
      <ModulePath>C:\Program Files\dotnet\sdk\2.1.302\NuGet.Commands.dll</ModulePath>
      <ModuleTime>2018-07-02T13:49:56Z</ModuleTime>
      <ModuleName>NuGet.Commands</ModuleName>
      <Classes />
    </Module>
    <Module skippedDueTo="Filter" hash="1C-13-EE-F1-2E-D7-C5-75-38-25-A4-AE-AF-BA-C4-60-57-14-6C-C4">
      <ModulePath>C:\Program Files\dotnet\sdk\2.1.302\NuGet.Common.dll</ModulePath>
      <ModuleTime>2018-07-02T13:49:24Z</ModuleTime>
      <ModuleName>NuGet.Common</ModuleName>
      <Classes />
    </Module>
    <Module skippedDueTo="Filter" hash="3D-F7-47-4B-DB-C8-6A-8C-3C-6D-86-6B-DC-8A-18-14-9B-F0-EE-41">
      <ModulePath>C:\Program Files\dotnet\shared\Microsoft.NETCore.App\2.1.2\System.Collections.NonGeneric.dll</ModulePath>
      <ModuleTime>2018-06-29T11:36:24Z</ModuleTime>
      <ModuleName>System.Collections.NonGeneric</ModuleName>
      <Classes />
    </Module>
    <Module skippedDueTo="Filter" hash="6B-75-02-AB-3F-6F-98-23-73-C5-83-0B-02-32-C2-ED-23-21-75-54">
      <ModulePath>C:\Program Files\dotnet\shared\Microsoft.NETCore.App\2.1.2\Microsoft.Win32.Primitives.dll</ModulePath>
      <ModuleTime>2018-06-29T11:36:24Z</ModuleTime>
      <ModuleName>Microsoft.Win32.Primitives</ModuleName>
      <Classes />
    </Module>
    <Module skippedDueTo="Filter" hash="DE-99-DC-16-AA-EF-4B-CD-6A-C8-50-A0-65-47-62-BC-A6-58-35-AB">
      <ModulePath>C:\Program Files\dotnet\shared\Microsoft.NETCore.App\2.1.2\System.ComponentModel.dll</ModulePath>
      <ModuleTime>2018-06-29T11:36:24Z</ModuleTime>
      <ModuleName>System.ComponentModel</ModuleName>
      <Classes />
    </Module>
    <Module skippedDueTo="Filter" hash="84-DD-C9-7C-00-53-4D-45-D3-C5-A9-3F-C0-00-8A-AC-6E-D0-40-36">
      <ModulePath>C:\Program Files\dotnet\sdk\2.1.302\Sdks\Microsoft.NET.Sdk\targets\..\tools\netcoreapp2.0/Microsoft.NET.Build.Tasks.dll</ModulePath>
      <ModuleTime>2018-07-02T13:48:08Z</ModuleTime>
      <ModuleName>Microsoft.NET.Build.Tasks</ModuleName>
      <Classes />
    </Module>
    <Module skippedDueTo="Filter" hash="39-51-0C-9C-15-AC-D8-17-BC-22-87-76-97-DA-2D-3C-60-1F-36-39">
      <ModulePath>C:\Program Files\dotnet\sdk\2.1.302\NuGet.Configuration.dll</ModulePath>
      <ModuleTime>2018-07-02T13:49:54Z</ModuleTime>
      <ModuleName>NuGet.Configuration</ModuleName>
      <Classes />
    </Module>
    <Module skippedDueTo="Filter" hash="34-64-A0-FD-6F-8D-29-FE-28-76-C9-52-D1-5D-6C-F5-34-15-82-4C">
      <ModulePath>C:\Program Files\dotnet\shared\Microsoft.NETCore.App\2.1.2\System.IO.dll</ModulePath>
      <ModuleTime>2018-06-29T11:36:24Z</ModuleTime>
      <ModuleName>System.IO</ModuleName>
      <Classes />
    </Module>
    <Module skippedDueTo="Filter" hash="20-81-23-30-13-45-BC-47-AB-6D-22-B6-75-C7-F6-1A-53-C2-4C-8C">
      <ModulePath>C:\Program Files\dotnet\shared\Microsoft.NETCore.App\2.1.2\System.Text.Encoding.dll</ModulePath>
      <ModuleTime>2018-06-29T11:36:26Z</ModuleTime>
      <ModuleName>System.Text.Encoding</ModuleName>
      <Classes />
    </Module>
    <Module skippedDueTo="Filter" hash="64-99-50-D4-29-ED-50-91-D2-3C-15-78-FB-3A-17-31-13-E0-E4-37">
      <ModulePath>C:\Program Files\dotnet\sdk\2.1.302\NuGet.ProjectModel.dll</ModulePath>
      <ModuleTime>2018-07-02T13:49:34Z</ModuleTime>
      <ModuleName>NuGet.ProjectModel</ModuleName>
      <Classes />
    </Module>
    <Module skippedDueTo="Filter" hash="07-7C-02-D8-84-51-30-25-44-D1-14-5E-43-D9-ED-5F-99-F8-0E-A6">
      <ModulePath>C:\Program Files\dotnet\sdk\2.1.302\NuGet.Versioning.dll</ModulePath>
      <ModuleTime>2018-07-02T13:49:54Z</ModuleTime>
      <ModuleName>NuGet.Versioning</ModuleName>
      <Classes />
    </Module>
    <Module skippedDueTo="Filter" hash="13-03-DC-D4-BF-33-FC-42-3F-42-FE-17-39-00-CE-2A-16-23-EE-84">
      <ModulePath>C:\Program Files\dotnet\sdk\2.1.302\NuGet.Protocol.dll</ModulePath>
      <ModuleTime>2018-07-02T13:49:26Z</ModuleTime>
      <ModuleName>NuGet.Protocol</ModuleName>
      <Classes />
    </Module>
    <Module skippedDueTo="Filter" hash="C3-DE-1C-BB-DD-AC-1D-41-71-E7-CA-28-AA-AE-E0-3B-DE-09-01-6F">
      <ModulePath>C:\Program Files\dotnet\sdk\2.1.302\NuGet.Packaging.dll</ModulePath>
      <ModuleTime>2018-07-02T13:49:38Z</ModuleTime>
      <ModuleName>NuGet.Packaging</ModuleName>
      <Classes />
    </Module>
    <Module skippedDueTo="Filter" hash="9B-CE-5F-E0-6C-C8-69-F8-18-97-C8-92-BE-69-6E-12-9F-F0-08-C9">
      <ModulePath>C:\Program Files\dotnet\sdk\2.1.302\NuGet.DependencyResolver.Core.dll</ModulePath>
      <ModuleTime>2018-07-02T13:50:04Z</ModuleTime>
      <ModuleName>NuGet.DependencyResolver.Core</ModuleName>
      <Classes />
    </Module>
    <Module skippedDueTo="Filter" hash="BE-00-2C-48-2B-89-96-7D-4D-C0-E6-4F-09-BA-7C-82-E7-1E-E7-76">
      <ModulePath>C:\Program Files\dotnet\sdk\2.1.302\NuGet.Packaging.Core.dll</ModulePath>
      <ModuleTime>2018-07-02T13:49:54Z</ModuleTime>
      <ModuleName>NuGet.Packaging.Core</ModuleName>
      <Classes />
    </Module>
    <Module skippedDueTo="Filter" hash="0F-2D-42-E7-7A-FE-63-9C-B1-BE-E6-5E-64-CB-7D-F8-90-BD-8A-8D">
      <ModulePath>C:\Program Files\dotnet\sdk\2.1.302\Newtonsoft.Json.dll</ModulePath>
      <ModuleTime>2018-07-02T13:49:48Z</ModuleTime>
      <ModuleName>Newtonsoft.Json</ModuleName>
      <Classes />
    </Module>
    <Module skippedDueTo="Filter" hash="9A-27-C5-F9-EB-C3-30-DB-EB-54-5E-46-C2-99-34-21-6A-09-79-2A">
      <ModulePath>C:\Program Files\dotnet\shared\Microsoft.NETCore.App\2.1.2\System.Dynamic.Runtime.dll</ModulePath>
      <ModuleTime>2018-06-29T11:36:24Z</ModuleTime>
      <ModuleName>System.Dynamic.Runtime</ModuleName>
      <Classes />
    </Module>
    <Module skippedDueTo="Filter" hash="54-D9-0C-4E-3C-2E-03-97-7D-81-A0-39-C8-FD-5C-D8-81-1E-70-B8">
      <ModulePath>C:\Program Files\dotnet\shared\Microsoft.NETCore.App\2.1.2\System.Linq.Expressions.dll</ModulePath>
      <ModuleTime>2018-06-29T11:36:24Z</ModuleTime>
      <ModuleName>System.Linq.Expressions</ModuleName>
      <Classes />
    </Module>
    <Module skippedDueTo="Filter" hash="FA-E2-FB-9E-3F-44-4C-40-9D-A1-C5-94-E7-91-FB-83-12-DF-1B-B7">
      <ModulePath>C:\Program Files\dotnet\sdk\2.1.302\NuGet.LibraryModel.dll</ModulePath>
      <ModuleTime>2018-07-02T13:49:24Z</ModuleTime>
      <ModuleName>NuGet.LibraryModel</ModuleName>
      <Classes />
    </Module>
    <Module skippedDueTo="Filter" hash="AF-D5-E8-E4-5C-66-BD-33-8E-30-F8-B3-4D-96-02-D2-DF-8F-FC-13">
      <ModulePath>C:\Program Files\dotnet\shared\Microsoft.NETCore.App\2.1.2\System.Runtime.Serialization.Primitives.dll</ModulePath>
      <ModuleTime>2018-06-29T11:36:26Z</ModuleTime>
      <ModuleName>System.Runtime.Serialization.Primitives</ModuleName>
      <Classes />
    </Module>
    <Module skippedDueTo="Filter" hash="22-36-04-4F-B9-55-FF-42-66-2A-26-BD-CF-4B-DA-B3-43-3B-6A-7A">
      <ModulePath>C:\Program Files\dotnet\sdk\2.1.302\Microsoft.TestPlatform.Build.dll</ModulePath>
      <ModuleTime>2018-07-02T13:47:56Z</ModuleTime>
      <ModuleName>Microsoft.TestPlatform.Build</ModuleName>
      <Classes />
    </Module>
    <Module skippedDueTo="Filter" hash="76-72-A5-82-08-0B-0D-BA-5E-31-6D-79-01-8E-AA-63-F1-A9-72-A7">
      <ModulePath>C:\Program Files\dotnet\shared\Microsoft.NETCore.App\2.1.2\System.Diagnostics.Tools.dll</ModulePath>
      <ModuleTime>2018-06-29T11:36:24Z</ModuleTime>
      <ModuleName>System.Diagnostics.Tools</ModuleName>
      <Classes />
    </Module>
    <Module skippedDueTo="Filter" hash="0D-0D-A0-9E-E2-47-BB-29-5E-CD-88-5A-BA-B2-35-C5-41-7D-52-A1">
      <ModulePath>C:\Program Files\dotnet\shared\Microsoft.NETCore.App\2.1.2\System.Diagnostics.Debug.dll</ModulePath>
      <ModuleTime>2018-06-29T11:36:24Z</ModuleTime>
      <ModuleName>System.Diagnostics.Debug</ModuleName>
      <Classes />
    </Module>
    <Module skippedDueTo="Filter" hash="09-06-DD-87-DC-40-1A-93-DA-E9-0A-92-BA-F6-C5-FC-A8-23-98-7B">
      <ModulePath>C:\Program Files\dotnet\shared\Microsoft.NETCore.App\2.1.2\System.IO.Compression.dll</ModulePath>
      <ModuleTime>2018-06-29T11:36:24Z</ModuleTime>
      <ModuleName>System.IO.Compression</ModuleName>
      <Classes />
    </Module>
    <Module skippedDueTo="Filter" hash="FF-F4-D8-C5-81-BF-7E-BF-A7-FA-1A-26-3D-F9-AF-07-AD-53-33-4A">
      <ModulePath>C:\Program Files\dotnet\shared\Microsoft.NETCore.App\2.1.2\System.Net.Http.dll</ModulePath>
      <ModuleTime>2018-06-29T11:36:26Z</ModuleTime>
      <ModuleName>System.Net.Http</ModuleName>
      <Classes />
    </Module>
    <Module skippedDueTo="Filter" hash="7C-34-E7-95-EB-E6-34-27-E5-09-A3-7A-0D-02-2C-14-06-6F-4C-AD">
      <ModulePath>C:\Program Files\dotnet\shared\Microsoft.NETCore.App\2.1.2\System.Net.Primitives.dll</ModulePath>
      <ModuleTime>2018-06-29T11:36:26Z</ModuleTime>
      <ModuleName>System.Net.Primitives</ModuleName>
      <Classes />
    </Module>
    <Module skippedDueTo="Filter" hash="97-21-59-C5-4C-35-52-D5-75-0D-37-60-09-3A-E0-35-E3-29-6A-F2">
      <ModulePath>C:\Program Files\dotnet\shared\Microsoft.NETCore.App\2.1.2\System.Net.Security.dll</ModulePath>
      <ModuleTime>2018-06-29T11:36:26Z</ModuleTime>
      <ModuleName>System.Net.Security</ModuleName>
      <Classes />
    </Module>
    <Module skippedDueTo="Filter" hash="BD-96-E1-A1-C3-41-83-14-34-F0-8B-5C-8D-F0-7B-9D-D8-E2-B9-02">
      <ModulePath>C:\Program Files\dotnet\shared\Microsoft.NETCore.App\2.1.2\System.Security.Cryptography.X509Certificates.dll</ModulePath>
      <ModuleTime>2018-06-29T11:36:26Z</ModuleTime>
      <ModuleName>System.Security.Cryptography.X509Certificates</ModuleName>
      <Classes />
    </Module>
    <Module skippedDueTo="Filter" hash="D8-89-6F-59-19-D1-17-C6-AA-CC-6A-DD-57-C8-2A-0C-5B-3F-2E-E4">
      <ModulePath>C:\Program Files\dotnet\shared\Microsoft.NETCore.App\2.1.2\System.Diagnostics.DiagnosticSource.dll</ModulePath>
      <ModuleTime>2018-06-29T11:36:24Z</ModuleTime>
      <ModuleName>System.Diagnostics.DiagnosticSource</ModuleName>
      <Classes />
    </Module>
    <Module skippedDueTo="Filter" hash="D3-8E-92-6B-32-58-42-CE-3C-DF-91-61-89-39-1F-E0-21-D5-DE-7A">
      <ModulePath>C:\Program Files\dotnet\shared\Microsoft.NETCore.App\2.1.2\System.Threading.Timer.dll</ModulePath>
      <ModuleTime>2018-06-29T11:36:26Z</ModuleTime>
      <ModuleName>System.Threading.Timer</ModuleName>
      <Classes />
    </Module>
    <Module skippedDueTo="Filter" hash="92-04-C7-ED-DE-EC-0F-E6-39-3F-18-61-5D-EF-E8-A9-86-04-B1-C4">
      <ModulePath>C:\Program Files\dotnet\shared\Microsoft.NETCore.App\2.1.2\System.Net.NetworkInformation.dll</ModulePath>
      <ModuleTime>2018-06-29T11:36:26Z</ModuleTime>
      <ModuleName>System.Net.NetworkInformation</ModuleName>
      <Classes />
    </Module>
    <Module skippedDueTo="Filter" hash="05-19-67-D6-CD-67-8D-A6-8D-21-79-1E-20-9D-DF-FA-8A-9A-1C-75">
      <ModulePath>C:\Program Files\dotnet\shared\Microsoft.NETCore.App\2.1.2\System.Net.Sockets.dll</ModulePath>
      <ModuleTime>2018-06-29T11:36:26Z</ModuleTime>
      <ModuleName>System.Net.Sockets</ModuleName>
      <Classes />
    </Module>
    <Module skippedDueTo="Filter" hash="BA-3A-CF-C0-E7-4B-6D-5F-DC-FE-0F-71-B8-E4-A3-BA-34-7F-69-AE">
      <ModulePath>C:\Program Files\dotnet\shared\Microsoft.NETCore.App\2.1.2\System.Threading.Overlapped.dll</ModulePath>
      <ModuleTime>2018-06-29T11:36:26Z</ModuleTime>
      <ModuleName>System.Threading.Overlapped</ModuleName>
      <Classes />
    </Module>
    <Module skippedDueTo="Filter" hash="39-19-E6-E7-CF-BF-62-04-E3-0D-71-C2-9D-1E-0F-8D-BF-AA-A0-77">
      <ModulePath>C:\Program Files\dotnet\shared\Microsoft.NETCore.App\2.1.2\System.Net.NameResolution.dll</ModulePath>
      <ModuleTime>2018-06-29T11:36:26Z</ModuleTime>
      <ModuleName>System.Net.NameResolution</ModuleName>
      <Classes />
    </Module>
    <Module skippedDueTo="Filter" hash="21-F3-E1-B3-8B-A7-F7-59-CC-52-67-56-62-0F-A6-18-81-52-DA-48">
      <ModulePath>C:\Program Files\dotnet\shared\Microsoft.NETCore.App\2.1.2\System.Security.Principal.Windows.dll</ModulePath>
      <ModuleTime>2018-06-29T11:36:26Z</ModuleTime>
      <ModuleName>System.Security.Principal.Windows</ModuleName>
      <Classes />
    </Module>
    <Module skippedDueTo="Filter" hash="AC-8F-95-0D-6C-B6-28-55-65-FF-0C-BB-59-88-46-DF-A7-BA-9B-6F">
      <ModulePath>C:\Program Files\dotnet\shared\Microsoft.NETCore.App\2.1.2\System.Security.Claims.dll</ModulePath>
      <ModuleTime>2018-06-29T11:36:26Z</ModuleTime>
      <ModuleName>System.Security.Claims</ModuleName>
      <Classes />
    </Module>
    <Module skippedDueTo="Filter" hash="5A-DA-2B-AE-63-0D-13-1A-3B-22-AA-BD-BF-4A-8D-45-8A-93-75-CA">
      <ModulePath>C:\Program Files\dotnet\shared\Microsoft.NETCore.App\2.1.2\System.Security.Principal.dll</ModulePath>
      <ModuleTime>2018-06-29T11:36:26Z</ModuleTime>
      <ModuleName>System.Security.Principal</ModuleName>
      <Classes />
    </Module>
    <Module skippedDueTo="Filter" hash="7E-8E-DD-28-24-F2-2E-80-07-64-0B-96-54-1D-CA-D1-53-BD-24-8B">
      <ModulePath>C:\Program Files\dotnet\shared\Microsoft.NETCore.App\2.1.2\System.Security.Cryptography.Encoding.dll</ModulePath>
      <ModuleTime>2018-06-29T11:36:26Z</ModuleTime>
      <ModuleName>System.Security.Cryptography.Encoding</ModuleName>
      <Classes />
    </Module>
    <Module skippedDueTo="Filter" hash="BA-9D-E5-01-C2-AB-7F-45-60-15-CF-3E-CB-8E-A8-69-1A-42-39-0C">
      <ModulePath>C:\Program Files\dotnet\shared\Microsoft.NETCore.App\2.1.2\System.Reflection.Metadata.dll</ModulePath>
      <ModuleTime>2018-06-29T11:36:26Z</ModuleTime>
      <ModuleName>System.Reflection.Metadata</ModuleName>
      <Classes />
    </Module>
    <Module skippedDueTo="Filter" hash="B1-7B-1F-35-00-79-E1-77-02-33-D5-E9-A0-86-51-A0-7F-45-17-12">
      <ModulePath>C:\Program Files\dotnet\shared\Microsoft.NETCore.App\2.1.2\System.IO.MemoryMappedFiles.dll</ModulePath>
      <ModuleTime>2018-06-29T11:36:24Z</ModuleTime>
      <ModuleName>System.IO.MemoryMappedFiles</ModuleName>
      <Classes />
    </Module>
    <Module skippedDueTo="Filter" hash="9E-C5-3F-EB-66-03-E6-F9-24-0D-C9-39-90-12-2F-BC-E8-19-5B-CD">
      <ModulePath>C:\Program Files\dotnet\shared\Microsoft.NETCore.App\2.1.2\System.Runtime.Serialization.Formatters.dll</ModulePath>
      <ModuleTime>2018-06-29T11:36:26Z</ModuleTime>
      <ModuleName>System.Runtime.Serialization.Formatters</ModuleName>
      <Classes />
    </Module>
    <Module skippedDueTo="Filter" hash="A5-AA-E7-9A-14-26-08-BE-2E-74-E9-23-D1-D9-CA-07-3D-45-66-B3">
      <ModulePath>C:\Program Files\dotnet\shared\Microsoft.NETCore.App\2.1.2\mscorlib.dll</ModulePath>
      <ModuleTime>2018-06-29T11:36:24Z</ModuleTime>
      <ModuleName>mscorlib</ModuleName>
      <Classes />
    </Module>
    <Module skippedDueTo="Filter" hash="DE-AE-26-97-40-89-C9-27-99-CF-09-67-BE-D8-F2-FC-2F-70-2C-24">
      <ModulePath>C:\Program Files\dotnet\shared\Microsoft.NETCore.App\2.1.2\System.Core.dll</ModulePath>
      <ModuleTime>2018-06-29T11:36:24Z</ModuleTime>
      <ModuleName>System.Core</ModuleName>
      <Classes />
    </Module>
    <Module skippedDueTo="Filter" hash="F3-37-DD-6D-AF-32-BA-56-F6-9B-C3-1A-43-9D-D8-8F-26-51-1C-B6">
      <ModulePath>C:\Program Files\dotnet\shared\Microsoft.NETCore.App\2.1.2\System.Private.CoreLib.dll</ModulePath>
      <ModuleTime>2018-06-29T11:36:28Z</ModuleTime>
      <ModuleName>System.Private.CoreLib</ModuleName>
      <Classes />
    </Module>
    <Module skippedDueTo="Filter" hash="16-07-F6-6E-15-28-37-6C-61-3D-C1-47-A6-D6-BA-00-DF-31-76-0F">
      <ModulePath>C:\Program Files\dotnet\sdk\2.1.302\vstest.console.dll</ModulePath>
      <ModuleTime>2018-07-02T13:50:08Z</ModuleTime>
      <ModuleName>vstest.console</ModuleName>
      <Classes />
    </Module>
    <Module skippedDueTo="Filter" hash="84-A4-ED-08-DC-DE-67-68-57-17-02-D6-73-E4-06-EF-0F-F3-1D-6F">
      <ModulePath>C:\Program Files\dotnet\shared\Microsoft.NETCore.App\2.1.2\System.Runtime.dll</ModulePath>
      <ModuleTime>2018-06-29T11:36:26Z</ModuleTime>
      <ModuleName>System.Runtime</ModuleName>
      <Classes />
    </Module>
    <Module skippedDueTo="Filter" hash="4C-D4-82-C3-4B-48-7B-F2-B3-80-72-AE-B8-0E-67-FB-0D-29-74-C1">
      <ModulePath>C:\Program Files\dotnet\shared\Microsoft.NETCore.App\2.1.2\System.Diagnostics.Process.dll</ModulePath>
      <ModuleTime>2018-06-29T11:36:24Z</ModuleTime>
      <ModuleName>System.Diagnostics.Process</ModuleName>
      <Classes />
    </Module>
    <Module skippedDueTo="Filter" hash="8D-03-61-E1-E0-6C-BE-13-1C-63-F4-20-CB-6A-EF-5C-ED-69-2F-EF">
      <ModulePath>C:\Program Files\dotnet\shared\Microsoft.NETCore.App\2.1.2\System.ComponentModel.Primitives.dll</ModulePath>
      <ModuleTime>2018-06-29T11:36:24Z</ModuleTime>
      <ModuleName>System.ComponentModel.Primitives</ModuleName>
      <Classes />
    </Module>
    <Module skippedDueTo="Filter" hash="31-B7-DF-51-CA-DA-02-2C-0E-99-B4-55-76-9E-D2-C1-C9-0C-3F-DD">
      <ModulePath>C:\Program Files\dotnet\shared\Microsoft.NETCore.App\2.1.2\System.Runtime.Extensions.dll</ModulePath>
      <ModuleTime>2018-06-29T11:36:26Z</ModuleTime>
      <ModuleName>System.Runtime.Extensions</ModuleName>
      <Classes />
    </Module>
    <Module skippedDueTo="Filter" hash="51-44-6D-E3-AC-A7-EB-DC-EF-30-79-47-19-36-30-CF-82-2B-A4-6A">
      <ModulePath>C:\Program Files\dotnet\sdk\2.1.302\Microsoft.TestPlatform.CoreUtilities.dll</ModulePath>
      <ModuleTime>2018-07-02T13:47:56Z</ModuleTime>
      <ModuleName>Microsoft.TestPlatform.CoreUtilities</ModuleName>
      <Classes />
    </Module>
    <Module skippedDueTo="Filter" hash="0D-0D-A0-9E-E2-47-BB-29-5E-CD-88-5A-BA-B2-35-C5-41-7D-52-A1">
      <ModulePath>C:\Program Files\dotnet\shared\Microsoft.NETCore.App\2.1.2\System.Diagnostics.Debug.dll</ModulePath>
      <ModuleTime>2018-06-29T11:36:24Z</ModuleTime>
      <ModuleName>System.Diagnostics.Debug</ModuleName>
      <Classes />
    </Module>
    <Module skippedDueTo="Filter" hash="E9-DA-7E-90-A6-41-DB-D2-F9-BD-6E-C2-B9-F0-08-D3-FF-C5-32-52">
      <ModulePath>C:\Program Files\dotnet\shared\Microsoft.NETCore.App\2.1.2\System.Threading.Thread.dll</ModulePath>
      <ModuleTime>2018-06-29T11:36:26Z</ModuleTime>
      <ModuleName>System.Threading.Thread</ModuleName>
      <Classes />
    </Module>
    <Module skippedDueTo="Filter" hash="7B-56-F9-0D-16-C4-94-95-32-4A-5C-A2-28-D9-A7-88-4D-FF-28-7D">
      <ModulePath>C:\Program Files\dotnet\shared\Microsoft.NETCore.App\2.1.2\System.Threading.dll</ModulePath>
      <ModuleTime>2018-06-29T11:36:26Z</ModuleTime>
      <ModuleName>System.Threading</ModuleName>
      <Classes />
    </Module>
    <Module skippedDueTo="Filter" hash="FA-17-FC-33-10-3E-6B-CB-AB-BC-12-1B-D8-30-C2-D0-D6-48-4F-CF">
      <ModulePath>C:\Program Files\dotnet\shared\Microsoft.NETCore.App\2.1.2\System.Console.dll</ModulePath>
      <ModuleTime>2018-06-29T11:36:24Z</ModuleTime>
      <ModuleName>System.Console</ModuleName>
      <Classes />
    </Module>
    <Module skippedDueTo="Filter" hash="34-64-A0-FD-6F-8D-29-FE-28-76-C9-52-D1-5D-6C-F5-34-15-82-4C">
      <ModulePath>C:\Program Files\dotnet\shared\Microsoft.NETCore.App\2.1.2\System.IO.dll</ModulePath>
      <ModuleTime>2018-06-29T11:36:24Z</ModuleTime>
      <ModuleName>System.IO</ModuleName>
      <Classes />
    </Module>
    <Module skippedDueTo="Filter" hash="A6-D1-03-28-B7-0A-44-73-72-D4-65-CE-37-7E-DC-81-07-AA-32-06">
      <ModulePath>C:\Program Files\dotnet\shared\Microsoft.NETCore.App\2.1.2\System.Text.Encoding.Extensions.dll</ModulePath>
      <ModuleTime>2018-06-29T11:36:26Z</ModuleTime>
      <ModuleName>System.Text.Encoding.Extensions</ModuleName>
      <Classes />
    </Module>
    <Module skippedDueTo="Filter" hash="35-04-9A-C3-D5-6E-AE-8B-30-86-1A-4C-8A-02-A2-6F-9C-8E-5F-CD">
      <ModulePath>C:\Program Files\dotnet\shared\Microsoft.NETCore.App\2.1.2\System.Diagnostics.Tracing.dll</ModulePath>
      <ModuleTime>2018-06-29T11:36:24Z</ModuleTime>
      <ModuleName>System.Diagnostics.Tracing</ModuleName>
      <Classes />
    </Module>
    <Module skippedDueTo="Filter" hash="07-AE-4F-2E-B9-42-7E-A1-CC-C4-1D-F2-2D-D9-C9-D3-9F-A1-13-D8">
      <ModulePath>C:\Program Files\dotnet\shared\Microsoft.NETCore.App\2.1.2\System.Collections.dll</ModulePath>
      <ModuleTime>2018-06-29T11:36:24Z</ModuleTime>
      <ModuleName>System.Collections</ModuleName>
      <Classes />
    </Module>
    <Module skippedDueTo="Filter" hash="36-C9-12-1D-66-BD-6F-E7-9A-7F-2A-01-FC-7E-D8-FB-15-4C-26-F2">
      <ModulePath>C:\Program Files\dotnet\sdk\2.1.302\Microsoft.VisualStudio.TestPlatform.ObjectModel.dll</ModulePath>
      <ModuleTime>2018-07-02T13:47:38Z</ModuleTime>
      <ModuleName>Microsoft.VisualStudio.TestPlatform.ObjectModel</ModuleName>
      <Classes />
    </Module>
    <Module skippedDueTo="Filter" hash="31-49-D7-21-D9-D5-03-1E-37-D4-47-13-8F-19-20-2D-A2-1E-5B-36">
      <ModulePath>C:\Program Files\dotnet\sdk\2.1.302\Microsoft.VisualStudio.TestPlatform.Client.dll</ModulePath>
      <ModuleTime>2018-07-02T13:47:46Z</ModuleTime>
      <ModuleName>Microsoft.VisualStudio.TestPlatform.Client</ModuleName>
      <Classes />
    </Module>
    <Module skippedDueTo="Filter" hash="F3-99-3B-D5-82-D7-AD-78-98-B8-6B-90-1D-15-2C-57-3A-02-7D-27">
      <ModulePath>C:\Program Files\dotnet\sdk\2.1.302\Microsoft.VisualStudio.TestPlatform.Common.dll</ModulePath>
      <ModuleTime>2018-07-02T13:48:06Z</ModuleTime>
      <ModuleName>Microsoft.VisualStudio.TestPlatform.Common</ModuleName>
      <Classes />
    </Module>
    <Module skippedDueTo="Filter" hash="54-E3-B1-3B-6B-DE-49-E9-F1-40-62-21-02-98-35-37-01-25-26-0E">
      <ModulePath>C:\Program Files\dotnet\shared\Microsoft.NETCore.App\2.1.2\System.Linq.dll</ModulePath>
      <ModuleTime>2018-06-29T11:36:26Z</ModuleTime>
      <ModuleName>System.Linq</ModuleName>
      <Classes />
    </Module>
    <Module skippedDueTo="Filter" hash="E4-05-72-7C-A8-CD-8D-1C-A7-96-5C-FD-31-FC-5C-60-0F-3D-50-BB">
      <ModulePath>C:\Program Files\dotnet\shared\Microsoft.NETCore.App\2.1.2\System.Runtime.InteropServices.dll</ModulePath>
      <ModuleTime>2018-06-29T11:36:26Z</ModuleTime>
      <ModuleName>System.Runtime.InteropServices</ModuleName>
      <Classes />
    </Module>
    <Module skippedDueTo="Filter" hash="C0-13-3F-DE-4C-5C-E9-95-1E-6A-B2-96-1F-E5-3C-A0-6F-E7-F0-F6">
      <ModulePath>C:\Program Files\dotnet\shared\Microsoft.NETCore.App\2.1.2\System.Resources.ResourceManager.dll</ModulePath>
      <ModuleTime>2018-06-29T11:36:26Z</ModuleTime>
      <ModuleName>System.Resources.ResourceManager</ModuleName>
      <Classes />
    </Module>
    <Module skippedDueTo="Filter" hash="DA-07-21-DE-38-C4-A7-8A-75-DA-5E-3F-82-F1-71-BF-4D-7E-27-9F">
      <ModulePath>C:\Program Files\dotnet\shared\Microsoft.NETCore.App\2.1.2\System.IO.FileSystem.Primitives.dll</ModulePath>
      <ModuleTime>2018-06-29T11:36:24Z</ModuleTime>
      <ModuleName>System.IO.FileSystem.Primitives</ModuleName>
      <Classes />
    </Module>
    <Module skippedDueTo="Filter" hash="2A-B8-BE-B6-E1-61-BA-96-72-70-A8-BA-9C-F8-25-07-70-EA-74-6A">
      <ModulePath>C:\Program Files\dotnet\shared\Microsoft.NETCore.App\2.1.2\System.IO.FileSystem.dll</ModulePath>
      <ModuleTime>2018-06-29T11:36:24Z</ModuleTime>
      <ModuleName>System.IO.FileSystem</ModuleName>
      <Classes />
    </Module>
    <Module skippedDueTo="Filter" hash="CE-F1-09-6A-6D-DF-5C-54-08-A6-63-2C-6B-9F-9B-20-95-BA-0F-B5">
      <ModulePath>C:\Program Files\dotnet\shared\Microsoft.NETCore.App\2.1.2\System.Xml.ReaderWriter.dll</ModulePath>
      <ModuleTime>2018-06-29T11:36:26Z</ModuleTime>
      <ModuleName>System.Xml.ReaderWriter</ModuleName>
      <Classes />
    </Module>
    <Module skippedDueTo="Filter" hash="40-61-EC-74-9A-A0-F7-61-E9-DC-3E-4D-70-C2-E5-A7-3C-02-88-AA">
      <ModulePath>C:\Program Files\dotnet\shared\Microsoft.NETCore.App\2.1.2\System.Private.Xml.dll</ModulePath>
      <ModuleTime>2018-06-29T11:36:26Z</ModuleTime>
      <ModuleName>System.Private.Xml</ModuleName>
      <Classes />
    </Module>
    <Module skippedDueTo="Filter" hash="4A-5D-5C-D0-2A-13-03-A0-6F-19-35-E0-7E-DF-F6-26-B3-0C-DE-1B">
      <ModulePath>C:\Program Files\dotnet\sdk\2.1.302\Microsoft.TestPlatform.PlatformAbstractions.dll</ModulePath>
      <ModuleTime>2018-07-02T13:47:56Z</ModuleTime>
      <ModuleName>Microsoft.TestPlatform.PlatformAbstractions</ModuleName>
      <Classes />
    </Module>
    <Module skippedDueTo="Filter" hash="80-A8-25-FF-AC-27-5B-CD-06-59-8C-C2-7E-F9-E9-D1-E5-5C-9B-0E">
      <ModulePath>C:\Program Files\dotnet\shared\Microsoft.NETCore.App\2.1.2\System.Xml.XmlDocument.dll</ModulePath>
      <ModuleTime>2018-06-29T11:36:26Z</ModuleTime>
      <ModuleName>System.Xml.XmlDocument</ModuleName>
      <Classes />
    </Module>
    <Module skippedDueTo="Filter" hash="A6-B0-AA-8E-C4-24-99-CE-95-08-D6-8A-9D-1D-C2-2D-95-BB-96-65">
      <ModulePath>C:\Program Files\dotnet\sdk\2.1.302\Microsoft.TestPlatform.Utilities.dll</ModulePath>
      <ModuleTime>2018-07-02T13:48:06Z</ModuleTime>
      <ModuleName>Microsoft.TestPlatform.Utilities</ModuleName>
      <Classes />
    </Module>
    <Module skippedDueTo="Filter" hash="C1-9F-46-C0-8C-20-F8-E6-00-1D-3F-43-30-F1-D9-49-3F-B1-79-59">
      <ModulePath>C:\Program Files\dotnet\shared\Microsoft.NETCore.App\2.1.2\System.Runtime.InteropServices.RuntimeInformation.dll</ModulePath>
      <ModuleTime>2018-06-29T11:36:26Z</ModuleTime>
      <ModuleName>System.Runtime.InteropServices.RuntimeInformation</ModuleName>
      <Classes />
    </Module>
    <Module skippedDueTo="Filter" hash="36-E9-19-A0-DD-A8-EB-47-AB-83-B6-7A-71-13-1A-F5-14-C8-94-A4">
      <ModulePath>C:\Program Files\dotnet\shared\Microsoft.NETCore.App\2.1.2\System.Private.Uri.dll</ModulePath>
      <ModuleTime>2018-06-29T11:36:26Z</ModuleTime>
      <ModuleName>System.Private.Uri</ModuleName>
      <Classes />
    </Module>
    <Module skippedDueTo="Filter" hash="1E-45-BE-FC-C9-75-CF-1F-69-8A-4A-8A-94-AB-E0-10-D2-DD-34-94">
      <ModulePath>C:\Program Files\dotnet\shared\Microsoft.NETCore.App\2.1.2\System.Memory.dll</ModulePath>
      <ModuleTime>2018-06-29T11:36:26Z</ModuleTime>
      <ModuleName>System.Memory</ModuleName>
      <Classes />
    </Module>
    <Module skippedDueTo="Filter" hash="84-88-27-54-67-71-0C-A0-54-A2-CF-64-38-04-0A-4B-9B-94-B0-57">
      <ModulePath>C:\Program Files\dotnet\shared\Microsoft.NETCore.App\2.1.2\System.Security.Cryptography.Algorithms.dll</ModulePath>
      <ModuleTime>2018-06-29T11:36:26Z</ModuleTime>
      <ModuleName>System.Security.Cryptography.Algorithms</ModuleName>
      <Classes />
    </Module>
    <Module skippedDueTo="Filter" hash="29-BF-7D-6D-8B-E7-24-A2-E0-89-06-A3-8A-50-53-EA-33-C8-59-D1">
      <ModulePath>C:\Program Files\dotnet\sdk\2.1.302\System.Xml.XPath.XmlDocument.dll</ModulePath>
      <ModuleTime>2018-07-02T13:46:20Z</ModuleTime>
      <ModuleName>System.Xml.XPath.XmlDocument</ModuleName>
      <Classes />
    </Module>
    <Module skippedDueTo="Filter" hash="62-2B-0F-0E-65-C0-7D-79-47-2F-3B-F2-1F-11-AC-0F-F6-3B-EA-9B">
      <ModulePath>C:\Program Files\dotnet\shared\Microsoft.NETCore.App\2.1.2\System.Xml.XPath.dll</ModulePath>
      <ModuleTime>2018-06-29T11:36:26Z</ModuleTime>
      <ModuleName>System.Xml.XPath</ModuleName>
      <Classes />
    </Module>
    <Module skippedDueTo="Filter" hash="BE-B7-19-DB-36-BC-C8-93-18-5C-F6-BC-EA-16-3E-30-3A-39-E9-97">
      <ModulePath>C:\Program Files\dotnet\shared\Microsoft.NETCore.App\2.1.2\System.Globalization.dll</ModulePath>
      <ModuleTime>2018-06-29T11:36:24Z</ModuleTime>
      <ModuleName>System.Globalization</ModuleName>
      <Classes />
    </Module>
    <Module skippedDueTo="Filter" hash="39-6F-D8-CC-1A-A7-90-00-E2-8A-D9-7F-72-E4-30-1B-10-8F-A9-3F">
      <ModulePath>C:\Program Files\dotnet\shared\Microsoft.NETCore.App\2.1.2\System.Diagnostics.TraceSource.dll</ModulePath>
      <ModuleTime>2018-06-29T11:36:24Z</ModuleTime>
      <ModuleName>System.Diagnostics.TraceSource</ModuleName>
      <Classes />
    </Module>
    <Module skippedDueTo="Filter" hash="3D-F7-47-4B-DB-C8-6A-8C-3C-6D-86-6B-DC-8A-18-14-9B-F0-EE-41">
      <ModulePath>C:\Program Files\dotnet\shared\Microsoft.NETCore.App\2.1.2\System.Collections.NonGeneric.dll</ModulePath>
      <ModuleTime>2018-06-29T11:36:24Z</ModuleTime>
      <ModuleName>System.Collections.NonGeneric</ModuleName>
      <Classes />
    </Module>
    <Module skippedDueTo="Filter" hash="40-FA-1E-FC-33-6D-A6-51-7C-A5-A7-56-C2-E9-04-BD-ED-46-92-ED">
      <ModulePath>C:\Program Files\dotnet\sdk\2.1.302\Microsoft.TestPlatform.CrossPlatEngine.dll</ModulePath>
      <ModuleTime>2018-07-02T13:48:08Z</ModuleTime>
      <ModuleName>Microsoft.TestPlatform.CrossPlatEngine</ModuleName>
      <Classes />
    </Module>
    <Module skippedDueTo="Filter" hash="BC-90-76-80-DF-CB-09-03-82-87-11-29-C5-2A-36-32-12-C5-A0-77">
      <ModulePath>C:\Program Files\dotnet\shared\Microsoft.NETCore.App\2.1.2\System.Reflection.dll</ModulePath>
      <ModuleTime>2018-06-29T11:36:26Z</ModuleTime>
      <ModuleName>System.Reflection</ModuleName>
      <Classes />
    </Module>
    <Module skippedDueTo="Filter" hash="C4-C6-9C-D3-84-74-4B-CB-A9-41-6D-AD-67-4B-66-D6-08-46-DB-62">
      <ModulePath>C:\Program Files\dotnet\shared\Microsoft.NETCore.App\2.1.2\System.Buffers.dll</ModulePath>
      <ModuleTime>2018-06-29T11:36:24Z</ModuleTime>
      <ModuleName>System.Buffers</ModuleName>
      <Classes />
    </Module>
    <Module skippedDueTo="Filter" hash="84-41-0E-90-CE-21-A7-F5-69-A3-3D-0E-E8-66-DE-42-0A-8F-3E-93">
      <ModulePath>C:\Program Files\dotnet\shared\Microsoft.NETCore.App\2.1.2\System.Threading.Tasks.dll</ModulePath>
      <ModuleTime>2018-06-29T11:36:26Z</ModuleTime>
      <ModuleName>System.Threading.Tasks</ModuleName>
      <Classes />
    </Module>
    <Module skippedDueTo="Filter" hash="40-98-6B-5E-B0-21-49-8E-37-A7-C5-36-8D-81-49-B1-9A-5A-6D-38">
      <ModulePath>C:\Program Files\dotnet\shared\Microsoft.NETCore.App\2.1.2\System.Runtime.Loader.dll</ModulePath>
      <ModuleTime>2018-06-29T11:36:26Z</ModuleTime>
      <ModuleName>System.Runtime.Loader</ModuleName>
      <Classes />
    </Module>
    <Module skippedDueTo="Filter" hash="DC-0E-38-01-10-26-71-18-9C-15-D8-90-F3-B5-09-6D-AF-D4-92-C8">
      <ModulePath>C:\Program Files\dotnet\sdk\2.1.302\Extensions\Microsoft.TestPlatform.Extensions.BlameDataCollector.dll</ModulePath>
      <ModuleTime>2018-07-02T13:46:08Z</ModuleTime>
      <ModuleName>Microsoft.TestPlatform.Extensions.BlameDataCollector</ModuleName>
      <Classes />
    </Module>
    <Module skippedDueTo="Filter" hash="53-1F-6A-48-89-9F-30-0C-0A-7F-A8-35-FE-40-CB-AE-A6-0E-44-E4">
      <ModulePath>C:\Program Files\dotnet\shared\Microsoft.NETCore.App\2.1.2\System.Reflection.TypeExtensions.dll</ModulePath>
      <ModuleTime>2018-06-29T11:36:26Z</ModuleTime>
      <ModuleName>System.Reflection.TypeExtensions</ModuleName>
      <Classes />
    </Module>
    <Module skippedDueTo="Filter" hash="0C-BD-F2-50-F6-97-1F-4D-FE-14-34-59-98-67-2B-D3-4C-AB-C9-9B">
      <ModulePath>C:\Program Files\dotnet\sdk\2.1.302\Extensions\Microsoft.TestPlatform.Extensions.EventLogCollector.dll</ModulePath>
      <ModuleTime>2018-07-02T13:46:18Z</ModuleTime>
      <ModuleName>Microsoft.TestPlatform.Extensions.EventLogCollector</ModuleName>
      <Classes />
    </Module>
    <Module skippedDueTo="Filter" hash="A5-AA-E7-9A-14-26-08-BE-2E-74-E9-23-D1-D9-CA-07-3D-45-66-B3">
      <ModulePath>C:\Program Files\dotnet\shared\Microsoft.NETCore.App\2.1.2\mscorlib.dll</ModulePath>
      <ModuleTime>2018-06-29T11:36:24Z</ModuleTime>
      <ModuleName>mscorlib</ModuleName>
      <Classes />
    </Module>
    <Module skippedDueTo="Filter" hash="F1-6B-78-15-74-F0-CA-BA-83-2A-7B-02-F0-47-42-FD-9A-BA-E2-6A">
      <ModulePath>C:\Program Files\dotnet\shared\Microsoft.NETCore.App\2.1.2\System.Xml.dll</ModulePath>
      <ModuleTime>2018-06-29T11:36:26Z</ModuleTime>
      <ModuleName>System.Xml</ModuleName>
      <Classes />
    </Module>
[...]
    <Module skippedDueTo="Filter" hash="B1-7B-1F-35-00-79-E1-77-02-33-D5-E9-A0-86-51-A0-7F-45-17-12">
      <ModulePath>C:\Program Files\dotnet\shared\Microsoft.NETCore.App\2.1.2\System.IO.MemoryMappedFiles.dll</ModulePath>
      <ModuleTime>2018-06-29T11:36:24Z</ModuleTime>
      <ModuleName>System.IO.MemoryMappedFiles</ModuleName>
      <Classes />
    </Module>
    <Module skippedDueTo="Filter" hash="57-85-53-E5-7B-4B-63-CE-95-F8-53-75-97-CE-8C-6C-9F-75-76-01">
      <ModulePath>C:\Program Files\dotnet\shared\Microsoft.NETCore.App\2.1.2\System.IO.Pipes.AccessControl.dll</ModulePath>
      <ModuleTime>2018-06-29T11:36:24Z</ModuleTime>
      <ModuleName>System.IO.Pipes.AccessControl</ModuleName>
      <Classes />
    </Module>
    <Module skippedDueTo="Filter" hash="E5-60-22-40-EC-19-5F-4C-E6-DD-A2-A2-93-BE-07-50-EF-2C-D5-FE">
      <ModulePath>C:\Program Files\dotnet\shared\Microsoft.NETCore.App\2.1.2\System.IO.Pipes.dll</ModulePath>
      <ModuleTime>2018-06-29T11:36:24Z</ModuleTime>
      <ModuleName>System.IO.Pipes</ModuleName>
      <Classes />
    </Module>
    <Module skippedDueTo="Filter" hash="8A-BF-70-67-8A-93-00-4A-D3-22-75-6A-54-3E-A9-BB-85-71-D5-ED">
      <ModulePath>C:\Program Files\dotnet\shared\Microsoft.NETCore.App\2.1.2\System.IO.UnmanagedMemoryStream.dll</ModulePath>
      <ModuleTime>2018-06-29T11:36:24Z</ModuleTime>
      <ModuleName>System.IO.UnmanagedMemoryStream</ModuleName>
      <Classes />
    </Module>
    <Module skippedDueTo="Filter" hash="DE-10-27-79-57-26-AA-12-02-EA-B4-85-12-21-CA-3B-7C-DC-29-81">
      <ModulePath>C:\Program Files\dotnet\shared\Microsoft.NETCore.App\2.1.2\System.Linq.Parallel.dll</ModulePath>
      <ModuleTime>2018-06-29T11:36:26Z</ModuleTime>
      <ModuleName>System.Linq.Parallel</ModuleName>
      <Classes />
    </Module>
    <Module skippedDueTo="Filter" hash="E2-3D-1F-8E-31-15-88-E7-F0-18-B9-0B-39-DE-B9-2D-DC-26-EA-07">
      <ModulePath>C:\Program Files\dotnet\shared\Microsoft.NETCore.App\2.1.2\System.Linq.Queryable.dll</ModulePath>
      <ModuleTime>2018-06-29T11:36:26Z</ModuleTime>
      <ModuleName>System.Linq.Queryable</ModuleName>
      <Classes />
    </Module>
    <Module skippedDueTo="Filter" hash="97-21-59-C5-4C-35-52-D5-75-0D-37-60-09-3A-E0-35-E3-29-6A-F2">
      <ModulePath>C:\Program Files\dotnet\shared\Microsoft.NETCore.App\2.1.2\System.Net.Security.dll</ModulePath>
      <ModuleTime>2018-06-29T11:36:26Z</ModuleTime>
      <ModuleName>System.Net.Security</ModuleName>
      <Classes />
    </Module>
    <Module skippedDueTo="Filter" hash="82-56-C4-6E-A0-6F-01-05-E4-DC-93-32-DE-07-FF-A7-DE-E7-8D-04">
      <ModulePath>C:\Program Files\dotnet\shared\Microsoft.NETCore.App\2.1.2\System.Net.HttpListener.dll</ModulePath>
      <ModuleTime>2018-06-29T11:36:26Z</ModuleTime>
      <ModuleName>System.Net.HttpListener</ModuleName>
      <Classes />
    </Module>
    <Module skippedDueTo="Filter" hash="3B-A5-CF-2C-47-E9-E8-0A-48-6C-5D-D7-D0-34-0B-A8-D9-61-6D-8D">
      <ModulePath>C:\Program Files\dotnet\shared\Microsoft.NETCore.App\2.1.2\System.Net.Mail.dll</ModulePath>
      <ModuleTime>2018-06-29T11:36:26Z</ModuleTime>
      <ModuleName>System.Net.Mail</ModuleName>
      <Classes />
    </Module>
    <Module skippedDueTo="Filter" hash="92-04-C7-ED-DE-EC-0F-E6-39-3F-18-61-5D-EF-E8-A9-86-04-B1-C4">
      <ModulePath>C:\Program Files\dotnet\shared\Microsoft.NETCore.App\2.1.2\System.Net.NetworkInformation.dll</ModulePath>
      <ModuleTime>2018-06-29T11:36:26Z</ModuleTime>
      <ModuleName>System.Net.NetworkInformation</ModuleName>
      <Classes />
    </Module>
    <Module skippedDueTo="Filter" hash="03-05-3E-44-8A-10-C2-9C-7E-57-CF-E7-3E-C2-6D-16-53-22-09-26">
      <ModulePath>C:\Program Files\dotnet\shared\Microsoft.NETCore.App\2.1.2\System.Net.Ping.dll</ModulePath>
      <ModuleTime>2018-06-29T11:36:26Z</ModuleTime>
      <ModuleName>System.Net.Ping</ModuleName>
      <Classes />
    </Module>
    <Module skippedDueTo="Filter" hash="EF-FB-F8-5F-CA-C5-3E-24-68-0E-08-D1-64-2D-0C-99-F0-14-1D-FA">
      <ModulePath>C:\Program Files\dotnet\shared\Microsoft.NETCore.App\2.1.2\System.Net.Requests.dll</ModulePath>
      <ModuleTime>2018-06-29T11:36:26Z</ModuleTime>
      <ModuleName>System.Net.Requests</ModuleName>
      <Classes />
    </Module>
    <Module skippedDueTo="Filter" hash="54-DF-F7-85-58-60-DA-EB-94-CC-6F-D2-62-31-2E-1B-84-5E-B9-DD">
      <ModulePath>C:\Program Files\dotnet\shared\Microsoft.NETCore.App\2.1.2\System.Net.ServicePoint.dll</ModulePath>
      <ModuleTime>2018-06-29T11:36:26Z</ModuleTime>
      <ModuleName>System.Net.ServicePoint</ModuleName>
      <Classes />
    </Module>
    <Module skippedDueTo="Filter" hash="79-25-BA-3C-4B-CE-E8-33-E0-9B-BC-80-A5-6A-34-B7-79-14-1A-67">
      <ModulePath>C:\Program Files\dotnet\shared\Microsoft.NETCore.App\2.1.2\System.Net.WebClient.dll</ModulePath>
      <ModuleTime>2018-06-29T11:36:26Z</ModuleTime>
      <ModuleName>System.Net.WebClient</ModuleName>
      <Classes />
    </Module>
    <Module skippedDueTo="Filter" hash="00-46-89-43-D4-1E-C0-2F-A6-5C-0E-8D-61-AE-4D-6E-B0-69-14-79">
      <ModulePath>C:\Program Files\dotnet\shared\Microsoft.NETCore.App\2.1.2\System.Net.WebHeaderCollection.dll</ModulePath>
      <ModuleTime>2018-06-29T11:36:26Z</ModuleTime>
      <ModuleName>System.Net.WebHeaderCollection</ModuleName>
      <Classes />
    </Module>
    <Module skippedDueTo="Filter" hash="1E-58-15-2E-EB-2F-E7-2A-9C-54-1B-3D-7E-D6-7D-6E-B1-79-C9-76">
      <ModulePath>C:\Program Files\dotnet\shared\Microsoft.NETCore.App\2.1.2\System.Net.WebProxy.dll</ModulePath>
      <ModuleTime>2018-06-29T11:36:26Z</ModuleTime>
      <ModuleName>System.Net.WebProxy</ModuleName>
      <Classes />
    </Module>
    <Module skippedDueTo="Filter" hash="80-C3-B7-60-AA-29-38-01-33-73-FD-F9-AD-78-E6-8D-E0-8E-15-49">
      <ModulePath>C:\Program Files\dotnet\shared\Microsoft.NETCore.App\2.1.2\System.Net.WebSockets.Client.dll</ModulePath>
      <ModuleTime>2018-06-29T11:36:26Z</ModuleTime>
      <ModuleName>System.Net.WebSockets.Client</ModuleName>
      <Classes />
    </Module>
    <Module skippedDueTo="Filter" hash="CB-1B-5A-B3-2E-BC-87-8B-95-AB-BB-34-64-1B-C1-39-36-94-7F-4C">
      <ModulePath>C:\Program Files\dotnet\shared\Microsoft.NETCore.App\2.1.2\System.Net.dll</ModulePath>
      <ModuleTime>2018-06-29T11:36:26Z</ModuleTime>
      <ModuleName>System.Net</ModuleName>
      <Classes />
    </Module>
    <Module skippedDueTo="Filter" hash="18-EA-0E-34-23-D6-CF-9F-BF-08-65-D3-C4-6E-17-EE-A5-40-9B-DC">
      <ModulePath>C:\Program Files\dotnet\shared\Microsoft.NETCore.App\2.1.2\System.Numerics.Vectors.dll</ModulePath>
      <ModuleTime>2018-06-29T11:36:26Z</ModuleTime>
      <ModuleName>System.Numerics.Vectors</ModuleName>
      <Classes />
    </Module>
    <Module skippedDueTo="Filter" hash="C4-EC-1A-69-63-1A-62-AB-F9-7A-F2-7D-59-99-1C-A0-37-2B-C1-CC">
      <ModulePath>C:\Program Files\dotnet\shared\Microsoft.NETCore.App\2.1.2\System.Numerics.dll</ModulePath>
      <ModuleTime>2018-06-29T11:36:26Z</ModuleTime>
      <ModuleName>System.Numerics</ModuleName>
      <Classes />
    </Module>
    <Module skippedDueTo="Filter" hash="A2-7D-56-4A-15-EA-BA-09-6C-D5-85-DC-24-01-30-62-D1-DD-64-48">
      <ModulePath>C:\Program Files\dotnet\shared\Microsoft.NETCore.App\2.1.2\System.Private.DataContractSerialization.dll</ModulePath>
      <ModuleTime>2018-06-29T11:36:26Z</ModuleTime>
      <ModuleName>System.Private.DataContractSerialization</ModuleName>
      <Classes />
    </Module>
    <Module skippedDueTo="Filter" hash="DE-14-0F-C2-7D-49-38-F7-78-CB-50-C9-6B-5F-AD-06-DB-FC-00-76">
      <ModulePath>C:\Program Files\dotnet\shared\Microsoft.NETCore.App\2.1.2\System.Reflection.Emit.ILGeneration.dll</ModulePath>
      <ModuleTime>2018-06-29T11:36:26Z</ModuleTime>
      <ModuleName>System.Reflection.Emit.ILGeneration</ModuleName>
      <Classes />
    </Module>
    <Module skippedDueTo="Filter" hash="4B-E3-39-F8-08-68-3F-97-10-F0-5B-A9-BC-88-0E-57-09-1A-99-EC">
      <ModulePath>C:\Program Files\dotnet\shared\Microsoft.NETCore.App\2.1.2\System.Reflection.DispatchProxy.dll</ModulePath>
      <ModuleTime>2018-06-29T11:36:26Z</ModuleTime>
      <ModuleName>System.Reflection.DispatchProxy</ModuleName>
      <Classes />
    </Module>
    <Module skippedDueTo="Filter" hash="E0-6D-E8-5B-E8-0D-03-6A-C9-E6-B0-7A-1E-53-6E-AE-94-61-7A-00">
      <ModulePath>C:\Program Files\dotnet\shared\Microsoft.NETCore.App\2.1.2\System.Reflection.Emit.Lightweight.dll</ModulePath>
      <ModuleTime>2018-06-29T11:36:26Z</ModuleTime>
      <ModuleName>System.Reflection.Emit.Lightweight</ModuleName>
      <Classes />
    </Module>
    <Module skippedDueTo="Filter" hash="0D-74-09-84-90-90-E6-AA-2D-C0-A9-1B-74-D2-C7-5D-C1-1C-E3-52">
      <ModulePath>C:\Program Files\dotnet\shared\Microsoft.NETCore.App\2.1.2\System.Reflection.Emit.dll</ModulePath>
      <ModuleTime>2018-06-29T11:36:26Z</ModuleTime>
      <ModuleName>System.Reflection.Emit</ModuleName>
      <Classes />
    </Module>
    <Module skippedDueTo="Filter" hash="59-BF-07-F3-37-CE-5B-87-0C-24-9A-B9-0B-36-AC-BF-D3-FF-68-FB">
      <ModulePath>C:\Program Files\dotnet\shared\Microsoft.NETCore.App\2.1.2\System.Resources.Reader.dll</ModulePath>
      <ModuleTime>2018-06-29T11:36:26Z</ModuleTime>
      <ModuleName>System.Resources.Reader</ModuleName>
      <Classes />
    </Module>
    <Module skippedDueTo="Filter" hash="95-E9-79-84-4E-63-88-F1-DF-3C-29-6D-A0-14-F9-EF-8C-CD-74-BA">
      <ModulePath>C:\Program Files\dotnet\shared\Microsoft.NETCore.App\2.1.2\System.Resources.Writer.dll</ModulePath>
      <ModuleTime>2018-06-29T11:36:26Z</ModuleTime>
      <ModuleName>System.Resources.Writer</ModuleName>
      <Classes />
    </Module>
    <Module skippedDueTo="Filter" hash="34-1F-C8-8F-6E-CA-5B-02-D3-00-FD-59-33-04-B4-B6-5C-43-B8-81">
      <ModulePath>C:\Program Files\dotnet\shared\Microsoft.NETCore.App\2.1.2\System.Runtime.CompilerServices.VisualC.dll</ModulePath>
      <ModuleTime>2018-06-29T11:36:26Z</ModuleTime>
      <ModuleName>System.Runtime.CompilerServices.VisualC</ModuleName>
      <Classes />
    </Module>
    <Module skippedDueTo="Filter" hash="3D-E3-43-CC-20-71-62-F0-DA-06-2A-56-77-C5-4D-B6-CF-C1-DA-7A">
      <ModulePath>C:\Program Files\dotnet\shared\Microsoft.NETCore.App\2.1.2\System.Runtime.InteropServices.WindowsRuntime.dll</ModulePath>
      <ModuleTime>2018-06-29T11:36:26Z</ModuleTime>
      <ModuleName>System.Runtime.InteropServices.WindowsRuntime</ModuleName>
      <Classes />
    </Module>
    <Module skippedDueTo="Filter" hash="0F-4C-A4-42-97-3A-EF-53-96-52-F8-DF-F2-56-D6-F3-64-98-66-F7">
      <ModulePath>C:\Program Files\dotnet\shared\Microsoft.NETCore.App\2.1.2\System.Runtime.Serialization.Json.dll</ModulePath>
      <ModuleTime>2018-06-29T11:36:26Z</ModuleTime>
      <ModuleName>System.Runtime.Serialization.Json</ModuleName>
      <Classes />
    </Module>
    <Module skippedDueTo="Filter" hash="63-2C-CD-B3-44-9E-AE-91-9B-E4-F3-D8-41-8E-80-44-68-47-FA-C4">
      <ModulePath>C:\Program Files\dotnet\shared\Microsoft.NETCore.App\2.1.2\System.Runtime.Serialization.Xml.dll</ModulePath>
      <ModuleTime>2018-06-29T11:36:26Z</ModuleTime>
      <ModuleName>System.Runtime.Serialization.Xml</ModuleName>
      <Classes />
    </Module>
    <Module skippedDueTo="Filter" hash="50-D8-87-51-93-65-54-CF-DF-A8-DC-5F-71-70-3A-5E-E2-6B-38-E4">
      <ModulePath>C:\Program Files\dotnet\shared\Microsoft.NETCore.App\2.1.2\System.Runtime.Serialization.dll</ModulePath>
      <ModuleTime>2018-06-29T11:36:26Z</ModuleTime>
      <ModuleName>System.Runtime.Serialization</ModuleName>
      <Classes />
    </Module>
    <Module skippedDueTo="Filter" hash="E5-2B-C9-43-61-1A-91-7C-7B-C3-1F-39-9F-22-0B-E5-3C-8B-4F-4D">
      <ModulePath>C:\Program Files\dotnet\shared\Microsoft.NETCore.App\2.1.2\System.Security.Cryptography.Cng.dll</ModulePath>
      <ModuleTime>2018-06-29T11:36:26Z</ModuleTime>
      <ModuleName>System.Security.Cryptography.Cng</ModuleName>
      <Classes />
    </Module>
    <Module skippedDueTo="Filter" hash="43-11-23-E5-48-AB-37-00-03-2F-FB-96-8C-A0-8C-06-3B-0A-E3-29">
      <ModulePath>C:\Program Files\dotnet\shared\Microsoft.NETCore.App\2.1.2\System.Security.Cryptography.Csp.dll</ModulePath>
      <ModuleTime>2018-06-29T11:36:26Z</ModuleTime>
      <ModuleName>System.Security.Cryptography.Csp</ModuleName>
      <Classes />
    </Module>
    <Module skippedDueTo="Filter" hash="09-03-A1-E5-CF-43-C9-8C-F6-79-15-F3-B7-D0-9A-FF-98-2D-2E-A3">
      <ModulePath>C:\Program Files\dotnet\shared\Microsoft.NETCore.App\2.1.2\System.Security.Cryptography.OpenSsl.dll</ModulePath>
      <ModuleTime>2018-06-29T11:36:26Z</ModuleTime>
      <ModuleName>System.Security.Cryptography.OpenSsl</ModuleName>
      <Classes />
    </Module>
    <Module skippedDueTo="Filter" hash="E7-20-33-C6-B5-64-82-FA-2E-2F-BA-80-71-6A-D4-00-33-F4-68-0F">
      <ModulePath>C:\Program Files\dotnet\shared\Microsoft.NETCore.App\2.1.2\System.Security.SecureString.dll</ModulePath>
      <ModuleTime>2018-06-29T11:36:26Z</ModuleTime>
      <ModuleName>System.Security.SecureString</ModuleName>
      <Classes />
    </Module>
    <Module skippedDueTo="Filter" hash="B5-28-84-5F-1F-FC-99-A8-AE-A8-F0-76-D4-6D-D7-66-EF-C7-33-8C">
      <ModulePath>C:\Program Files\dotnet\shared\Microsoft.NETCore.App\2.1.2\System.Security.dll</ModulePath>
      <ModuleTime>2018-06-29T11:36:26Z</ModuleTime>
      <ModuleName>System.Security</ModuleName>
      <Classes />
    </Module>
    <Module skippedDueTo="Filter" hash="D7-6B-69-B3-5B-53-38-FE-55-7E-52-58-B1-A1-E5-45-0F-FF-EF-28">
      <ModulePath>C:\Program Files\dotnet\shared\Microsoft.NETCore.App\2.1.2\System.ServiceModel.Web.dll</ModulePath>
      <ModuleTime>2018-06-29T11:36:26Z</ModuleTime>
      <ModuleName>System.ServiceModel.Web</ModuleName>
      <Classes />
    </Module>
    <Module skippedDueTo="Filter" hash="07-9A-37-C3-53-54-15-C9-E1-F3-E7-60-85-BC-1F-32-4F-37-7C-57">
      <ModulePath>C:\Program Files\dotnet\shared\Microsoft.NETCore.App\2.1.2\System.ServiceProcess.dll</ModulePath>
      <ModuleTime>2018-06-29T11:36:26Z</ModuleTime>
      <ModuleName>System.ServiceProcess</ModuleName>
      <Classes />
    </Module>
    <Module skippedDueTo="Filter" hash="7E-AD-B5-53-58-15-E0-10-30-3A-F5-1D-81-B7-F4-F9-4A-64-AB-5F">
      <ModulePath>C:\Program Files\dotnet\shared\Microsoft.NETCore.App\2.1.2\System.Threading.Tasks.Dataflow.dll</ModulePath>
      <ModuleTime>2018-06-29T11:36:26Z</ModuleTime>
      <ModuleName>System.Threading.Tasks.Dataflow</ModuleName>
      <Classes />
    </Module>
    <Module skippedDueTo="Filter" hash="92-7F-8D-D8-AF-23-AE-A2-0E-1C-BB-B0-44-FA-A4-94-78-69-05-31">
      <ModulePath>C:\Program Files\dotnet\shared\Microsoft.NETCore.App\2.1.2\System.Threading.Tasks.Extensions.dll</ModulePath>
      <ModuleTime>2018-06-29T11:36:26Z</ModuleTime>
      <ModuleName>System.Threading.Tasks.Extensions</ModuleName>
      <Classes />
    </Module>
    <Module skippedDueTo="Filter" hash="34-15-79-F0-18-04-E0-1F-2C-6B-D8-4C-56-14-6F-48-F9-B2-B9-70">
      <ModulePath>C:\Program Files\dotnet\shared\Microsoft.NETCore.App\2.1.2\System.Threading.Tasks.Parallel.dll</ModulePath>
      <ModuleTime>2018-06-29T11:36:26Z</ModuleTime>
      <ModuleName>System.Threading.Tasks.Parallel</ModuleName>
      <Classes />
    </Module>
    <Module skippedDueTo="Filter" hash="64-84-6B-69-AA-79-FE-97-69-B2-65-4D-5A-73-FF-56-96-D9-1A-27">
      <ModulePath>C:\Program Files\dotnet\shared\Microsoft.NETCore.App\2.1.2\System.Transactions.Local.dll</ModulePath>
      <ModuleTime>2018-06-29T11:36:26Z</ModuleTime>
      <ModuleName>System.Transactions.Local</ModuleName>
      <Classes />
    </Module>
    <Module skippedDueTo="Filter" hash="A5-1E-2B-A6-D0-59-AE-3B-20-7D-38-D3-38-BF-AD-B5-5B-EF-73-B7">
      <ModulePath>C:\Program Files\dotnet\shared\Microsoft.NETCore.App\2.1.2\System.Transactions.dll</ModulePath>
      <ModuleTime>2018-06-29T11:36:26Z</ModuleTime>
      <ModuleName>System.Transactions</ModuleName>
      <Classes />
    </Module>
    <Module skippedDueTo="Filter" hash="0E-CB-48-AC-F7-8B-E7-B4-65-97-63-45-6D-A8-EB-7C-30-43-C6-7B">
      <ModulePath>C:\Program Files\dotnet\shared\Microsoft.NETCore.App\2.1.2\System.Web.HttpUtility.dll</ModulePath>
      <ModuleTime>2018-06-29T11:36:26Z</ModuleTime>
      <ModuleName>System.Web.HttpUtility</ModuleName>
      <Classes />
    </Module>
    <Module skippedDueTo="Filter" hash="64-13-89-AB-34-A5-F5-1C-C6-99-92-89-75-1B-35-0D-12-4C-74-9C">
      <ModulePath>C:\Program Files\dotnet\shared\Microsoft.NETCore.App\2.1.2\System.Web.dll</ModulePath>
      <ModuleTime>2018-06-29T11:36:26Z</ModuleTime>
      <ModuleName>System.Web</ModuleName>
      <Classes />
    </Module>
    <Module skippedDueTo="Filter" hash="BE-04-46-D1-74-7C-F0-5E-6C-71-7D-3B-65-3A-C4-D0-C0-1F-31-C1">
      <ModulePath>C:\Program Files\dotnet\shared\Microsoft.NETCore.App\2.1.2\System.Windows.dll</ModulePath>
      <ModuleTime>2018-06-29T11:36:26Z</ModuleTime>
      <ModuleName>System.Windows</ModuleName>
      <Classes />
    </Module>
    <Module skippedDueTo="Filter" hash="11-DD-EA-E3-03-58-F0-D3-72-44-1E-FA-EE-7C-DA-8F-B6-75-42-8B">
      <ModulePath>C:\Program Files\dotnet\shared\Microsoft.NETCore.App\2.1.2\System.Xml.Linq.dll</ModulePath>
      <ModuleTime>2018-06-29T11:36:26Z</ModuleTime>
      <ModuleName>System.Xml.Linq</ModuleName>
      <Classes />
    </Module>
    <Module skippedDueTo="Filter" hash="4C-60-68-60-D9-B2-A5-3C-95-E8-95-CB-F9-DC-80-F4-1E-41-83-D8">
      <ModulePath>C:\Program Files\dotnet\shared\Microsoft.NETCore.App\2.1.2\System.Xml.Serialization.dll</ModulePath>
      <ModuleTime>2018-06-29T11:36:26Z</ModuleTime>
      <ModuleName>System.Xml.Serialization</ModuleName>
      <Classes />
    </Module>
    <Module skippedDueTo="Filter" hash="82-4C-8F-6F-78-42-D3-FA-E5-D8-23-FC-5F-BE-55-32-E0-12-98-83">
      <ModulePath>C:\Program Files\dotnet\shared\Microsoft.NETCore.App\2.1.2\System.Xml.XmlSerializer.dll</ModulePath>
      <ModuleTime>2018-06-29T11:36:26Z</ModuleTime>
      <ModuleName>System.Xml.XmlSerializer</ModuleName>
      <Classes />
    </Module>
    <Module skippedDueTo="Filter" hash="F1-6B-78-15-74-F0-CA-BA-83-2A-7B-02-F0-47-42-FD-9A-BA-E2-6A">
      <ModulePath>C:\Program Files\dotnet\shared\Microsoft.NETCore.App\2.1.2\System.Xml.dll</ModulePath>
      <ModuleTime>2018-06-29T11:36:26Z</ModuleTime>
      <ModuleName>System.Xml</ModuleName>
      <Classes />
    </Module>
    <Module skippedDueTo="Filter" hash="C6-75-2E-F2-67-B8-86-7A-6F-CE-3F-FF-CF-A8-AA-7D-47-C8-9C-6C">
      <ModulePath>C:\Program Files\dotnet\shared\Microsoft.NETCore.App\2.1.2\System.dll</ModulePath>
      <ModuleTime>2018-06-29T11:36:26Z</ModuleTime>
      <ModuleName>System</ModuleName>
      <Classes />
    </Module>
    <Module skippedDueTo="Filter" hash="CB-F0-68-FB-B3-64-E2-E1-06-FE-98-5A-7E-B2-8E-35-44-F2-07-5B">
      <ModulePath>C:\Program Files\dotnet\shared\Microsoft.NETCore.App\2.1.2\WindowsBase.dll</ModulePath>
      <ModuleTime>2018-06-29T11:36:26Z</ModuleTime>
      <ModuleName>WindowsBase</ModuleName>
      <Classes />
    </Module>
    <Module skippedDueTo="Filter" hash="0B-62-40-90-58-76-E8-86-0D-1A-DC-F5-78-DB-B7-94-BC-00-10-0C">
      <ModulePath>C:\Work\Identity.MongoDb\IdentityMongoDb.Tests\bin\Debug\netcoreapp2.1\xunit.runner.reporters.netcoreapp10.dll</ModulePath>
      <ModuleTime>2018-07-17T02:18:26Z</ModuleTime>
      <ModuleName>xunit.runner.reporters.netcoreapp10</ModuleName>
      <Classes />
    </Module>
    <Module skippedDueTo="Filter" hash="16-7C-D1-8D-0E-08-82-D2-50-9C-9A-FF-7A-6F-C1-DB-D3-21-8A-72">
      <ModulePath>C:\Work\Identity.MongoDb\IdentityMongoDb.Tests\bin\Debug\netcoreapp2.1\xunit.runner.visualstudio.dotnetcore.testadapter.dll</ModulePath>
      <ModuleTime>2018-07-17T02:18:28Z</ModuleTime>
      <ModuleName>xunit.runner.visualstudio.dotnetcore.testadapter</ModuleName>
      <Classes />
    </Module>
  </Modules>
</CoverageSession>